============================= test session starts ==============================
platform darwin -- Python 3.9.6, pytest-8.4.2, pluggy-1.6.0 -- /Users/williamwatson/Documents/GitHub/pi-netconfig/venv/bin/python3
cachedir: .pytest_cache
rootdir: /Users/williamwatson/Documents/GitHub/pi-netconfig
configfile: pyproject.toml
testpaths: src/tests
plugins: asyncio-1.2.0, cov-7.0.0
asyncio: mode=auto, debug=False, asyncio_default_fixture_loop_scope=function, asyncio_default_test_loop_scope=function
collecting ... collected 166 items

src/tests/apmanager/test_apmanager.py::TestAccessPointInitialization::test_access_point_initializes_with_interface PASSED [  0%]
src/tests/apmanager/test_apmanager.py::TestAccessPointInitialization::test_access_point_raises_when_no_wifi_interface PASSED [  1%]
src/tests/apmanager/test_apmanager.py::TestAccessPointInitialization::test_access_point_gets_mac_address PASSED [  1%]
src/tests/apmanager/test_apmanager.py::TestAccessPointInitialization::test_access_point_generates_ssid_from_mac PASSED [  2%]
src/tests/apmanager/test_apmanager.py::TestAccessPointInitialization::test_access_point_initializes_ap_active_false PASSED [  3%]
src/tests/apmanager/test_apmanager.py::TestInterfaceDetection::test_get_wifi_interface_parses_nmcli_output PASSED [  3%]
src/tests/apmanager/test_apmanager.py::TestInterfaceDetection::test_get_wifi_interface_raises_on_nmcli_failure PASSED [  4%]
src/tests/apmanager/test_apmanager.py::TestProfileCreation::test_create_ap_profile_creates_connection PASSED [  4%]
src/tests/apmanager/test_apmanager.py::TestProfileCreation::test_create_ap_profile_sets_wpa2_security PASSED [  5%]
src/tests/apmanager/test_apmanager.py::TestProfileCreation::test_create_ap_profile_configures_ip_range PASSED [  6%]
src/tests/apmanager/test_apmanager.py::TestProfileCreation::test_create_ap_profile_raises_on_failure PASSED [  6%]
src/tests/apmanager/test_apmanager.py::TestAPActivation::test_activate_ap_brings_connection_up PASSED [  7%]
src/tests/apmanager/test_apmanager.py::TestAPActivation::test_activate_ap_sets_ap_active_true PASSED [  7%]
src/tests/apmanager/test_apmanager.py::TestAPActivation::test_activate_ap_raises_on_failure PASSED [  8%]
src/tests/apmanager/test_apmanager.py::TestAPActivation::test_deactivate_ap_brings_connection_down PASSED [  9%]
src/tests/apmanager/test_apmanager.py::TestAPActivation::test_deactivate_ap_sets_ap_active_false PASSED [  9%]
src/tests/apmanager/test_apmanager.py::TestAPActivation::test_deactivate_ap_handles_failure_gracefully PASSED [ 10%]
src/tests/apmanager/test_apmanager.py::TestFallbackOpenAP::test_fallback_removes_security PASSED [ 10%]
src/tests/apmanager/test_apmanager.py::TestFallbackOpenAP::test_fallback_returns_ap_active_status PASSED [ 11%]
src/tests/apmanager/test_apmanager.py::TestModuleFunctions::test_activate_ap_function_creates_and_activates PASSED [ 12%]
src/tests/apmanager/test_apmanager.py::TestModuleFunctions::test_activate_ap_function_falls_back_on_profile_error PASSED [ 12%]
src/tests/apmanager/test_apmanager.py::TestModuleFunctions::test_deactivate_ap_function_deactivates PASSED [ 13%]
src/tests/apmanager/test_apmanager.py::TestModuleFunctions::test_get_ap_ssid_function_returns_ssid PASSED [ 13%]
src/tests/apmanager/test_apmanager.py::TestModuleFunctions::test_is_active_function_returns_status PASSED [ 14%]
src/tests/connectionmanager/test_connectionmanager.py::TestNetworkInfo::test_network_info_creation PASSED [ 15%]
src/tests/connectionmanager/test_connectionmanager.py::TestConnectionTester::test_connection_test_returns_true_when_connected PASSED [ 15%]
src/tests/connectionmanager/test_connectionmanager.py::TestConnectionTester::test_connection_test_returns_false_when_all_fail PASSED [ 16%]
src/tests/connectionmanager/test_connectionmanager.py::TestConnectionTester::test_connection_test_tries_multiple_hosts PASSED [ 16%]
src/tests/connectionmanager/test_connectionmanager.py::TestNetworkScanner::test_scan_networks_returns_list PASSED [ 17%]
src/tests/connectionmanager/test_connectionmanager.py::TestNetworkScanner::test_scan_networks_sorts_by_signal_strength PASSED [ 18%]
src/tests/connectionmanager/test_connectionmanager.py::TestNetworkScanner::test_scan_networks_removes_duplicates PASSED [ 18%]
src/tests/connectionmanager/test_connectionmanager.py::TestNetworkScanner::test_scan_networks_raises_on_nmcli_failure PASSED [ 19%]
src/tests/connectionmanager/test_connectionmanager.py::TestConfigManager::test_configure_network_validates_ssid PASSED [ 19%]
src/tests/connectionmanager/test_connectionmanager.py::TestConfigManager::test_configure_network_validates_password PASSED [ 20%]
src/tests/connectionmanager/test_connectionmanager.py::TestConfigManager::test_configure_network_deletes_existing_connection PASSED [ 21%]
src/tests/connectionmanager/test_connectionmanager.py::TestConfigManager::test_configure_network_creates_new_connection PASSED [ 21%]
src/tests/connectionmanager/test_connectionmanager.py::TestConfigManager::test_configure_network_activates_connection PASSED [ 22%]
src/tests/connectionmanager/test_connectionmanager.py::TestConfigManager::test_configure_network_persists_configuration PASSED [ 22%]
src/tests/connectionmanager/test_connectionmanager.py::TestConfigManager::test_configure_network_raises_on_nmcli_failure PASSED [ 23%]
src/tests/connectionmanager/test_connectionmanager.py::TestConfigManager::test_configure_network_thread_safe PASSED [ 24%]
src/tests/connectionmanager/test_connectionmanager.py::TestConfigManager::test_persist_configuration_creates_directory PASSED [ 24%]
src/tests/connectionmanager/test_connectionmanager.py::TestConfigManager::test_persist_configuration_writes_json PASSED [ 25%]
src/tests/connectionmanager/test_connectionmanager.py::TestConfigManager::test_persist_configuration_thread_safe PASSED [ 25%]
src/tests/connectionmanager/test_connectionmanager.py::TestConfigManager::test_load_configuration_returns_ssid_when_exists PASSED [ 26%]
src/tests/connectionmanager/test_connectionmanager.py::TestConfigManager::test_load_configuration_returns_none_when_missing PASSED [ 27%]
src/tests/connectionmanager/test_connectionmanager.py::TestConfigManager::test_load_configuration_thread_safe PASSED [ 27%]
src/tests/installer/test_installer.py::TestInstallationDetector::test_is_service_installed_returns_true_when_exists PASSED [ 28%]
src/tests/installer/test_installer.py::TestInstallationDetector::test_is_service_installed_returns_false_when_missing PASSED [ 28%]
src/tests/installer/test_installer.py::TestInstallationDetector::test_get_current_script_path_returns_path FAILED [ 29%]
src/tests/installer/test_installer.py::TestSystemdInstaller::test_verify_root_privileges_returns_true_for_root PASSED [ 30%]
src/tests/installer/test_installer.py::TestSystemdInstaller::test_verify_root_privileges_raises_for_non_root PASSED [ 30%]
src/tests/installer/test_installer.py::TestSystemdInstaller::test_create_directories_success FAILED [ 31%]
src/tests/installer/test_installer.py::TestSystemdInstaller::test_create_directories_raises_on_failure PASSED [ 31%]
src/tests/installer/test_installer.py::TestSystemdInstaller::test_copy_application_success FAILED [ 32%]
src/tests/installer/test_installer.py::TestSystemdInstaller::test_copy_application_raises_on_failure FAILED [ 33%]
src/tests/installer/test_installer.py::TestSystemdInstaller::test_generate_systemd_unit_returns_content FAILED [ 33%]
src/tests/installer/test_installer.py::TestSystemdInstaller::test_install_systemd_unit_success PASSED [ 34%]
src/tests/installer/test_installer.py::TestSystemdInstaller::test_install_systemd_unit_raises_on_daemon_reload_failure PASSED [ 34%]
src/tests/installer/test_installer.py::TestSystemdInstaller::test_enable_and_start_service_success PASSED [ 35%]
src/tests/installer/test_installer.py::TestSystemdInstaller::test_enable_and_start_service_raises_on_failure PASSED [ 36%]
src/tests/installer/test_installer.py::TestSystemdInstaller::test_rollback_installation_best_effort PASSED [ 36%]
src/tests/installer/test_installer.py::TestInstallFunction::test_install_skips_when_already_installed PASSED [ 37%]
src/tests/installer/test_installer.py::TestInstallFunction::test_install_fails_without_root_privileges PASSED [ 37%]
src/tests/installer/test_installer.py::TestInstallFunction::test_install_succeeds_with_all_steps FAILED [ 38%]
src/tests/installer/test_installer.py::TestInstallFunction::test_install_rolls_back_on_filesystem_error FAILED [ 39%]
src/tests/installer/test_installer.py::TestInstallFunction::test_install_rolls_back_on_systemd_error FAILED [ 39%]
src/tests/servicecontroller/test_main.py::TestExecutionModeDetection::test_detect_bootstrap_mode_when_service_not_installed PASSED [ 40%]
src/tests/servicecontroller/test_main.py::TestExecutionModeDetection::test_detect_service_mode_when_systemd_context PASSED [ 40%]
src/tests/servicecontroller/test_main.py::TestExecutionModeDetection::test_detect_manual_mode_when_service_installed_no_systemd PASSED [ 41%]
src/tests/servicecontroller/test_main.py::TestExecutionModeDetection::test_detect_mode_returns_manual_on_exception PASSED [ 42%]
src/tests/servicecontroller/test_main.py::TestPrivilegeVerification::test_verify_root_privileges_returns_true_for_root PASSED [ 42%]
src/tests/servicecontroller/test_main.py::TestPrivilegeVerification::test_verify_root_privileges_returns_false_for_non_root PASSED [ 43%]
src/tests/servicecontroller/test_main.py::TestPrivilegeVerification::test_verify_root_privileges_handles_exception PASSED [ 43%]
src/tests/servicecontroller/test_main.py::TestLoggingConfiguration::test_configure_logging_creates_file_handler FAILED [ 44%]
src/tests/servicecontroller/test_main.py::TestLoggingConfiguration::test_configure_logging_adds_console_handler_in_manual_mode PASSED [ 45%]
src/tests/servicecontroller/test_main.py::TestLoggingConfiguration::test_configure_logging_no_console_in_service_mode PASSED [ 45%]
src/tests/servicecontroller/test_main.py::TestLoggingConfiguration::test_configure_logging_raises_on_file_failure PASSED [ 46%]
src/tests/servicecontroller/test_main.py::TestSignalHandling::test_signal_handler_sets_shutdown_event FAILED [ 46%]
src/tests/servicecontroller/test_main.py::TestSignalHandling::test_signal_handler_exits_if_no_event FAILED [ 47%]
src/tests/servicecontroller/test_main.py::TestSignalHandling::test_register_signal_handlers_registers_sigterm_sigint FAILED [ 48%]
src/tests/servicecontroller/test_main.py::TestSignalHandling::test_register_signal_handlers_raises_on_failure FAILED [ 48%]
src/tests/servicecontroller/test_main.py::TestGracefulShutdown::test_graceful_shutdown_calls_state_monitor_shutdown FAILED [ 49%]
src/tests/servicecontroller/test_main.py::TestGracefulShutdown::test_graceful_shutdown_handles_timeout FAILED [ 50%]
src/tests/servicecontroller/test_main.py::TestGracefulShutdown::test_graceful_shutdown_handles_no_monitor FAILED [ 50%]
src/tests/servicecontroller/test_main.py::TestRunService::test_run_service_creates_shutdown_event FAILED [ 51%]
src/tests/servicecontroller/test_main.py::TestRunService::test_run_service_initializes_state_monitor FAILED [ 51%]
src/tests/servicecontroller/test_main.py::TestRunService::test_run_service_raises_on_critical_failure FAILED [ 52%]
src/tests/servicecontroller/test_main.py::TestMainFunction::test_main_bootstrap_mode_calls_installer PASSED [ 53%]
src/tests/servicecontroller/test_main.py::TestMainFunction::test_main_bootstrap_mode_returns_error_without_root PASSED [ 53%]
src/tests/servicecontroller/test_main.py::TestMainFunction::test_main_service_mode_configures_logging FAILED [ 54%]
src/tests/servicecontroller/test_main.py::TestMainFunction::test_main_service_mode_verifies_root FAILED [ 54%]
src/tests/servicecontroller/test_main.py::TestMainFunction::test_main_service_mode_starts_event_loop FAILED [ 55%]
src/tests/servicecontroller/test_main.py::TestMainFunction::test_main_handles_keyboard_interrupt FAILED [ 56%]
src/tests/servicecontroller/test_main.py::TestMainFunction::test_main_returns_error_on_service_controller_error FAILED [ 56%]
src/tests/servicecontroller/test_main.py::TestMainFunction::test_main_returns_error_on_unexpected_exception FAILED [ 57%]
src/tests/servicecontroller/test_servicecontroller.py::TestExecutionModeDetection::test_detect_execution_mode_returns_bootstrap_when_not_installed PASSED [ 57%]
src/tests/servicecontroller/test_servicecontroller.py::TestExecutionModeDetection::test_detect_execution_mode_returns_service_when_under_systemd PASSED [ 58%]
src/tests/servicecontroller/test_servicecontroller.py::TestExecutionModeDetection::test_detect_execution_mode_returns_manual_when_installed_but_not_systemd PASSED [ 59%]
src/tests/servicecontroller/test_servicecontroller.py::TestPrivilegeVerification::test_verify_root_privileges_returns_true_for_uid_zero PASSED [ 59%]
src/tests/servicecontroller/test_servicecontroller.py::TestPrivilegeVerification::test_verify_root_privileges_returns_false_for_non_root_uid PASSED [ 60%]
src/tests/servicecontroller/test_servicecontroller.py::TestLoggingConfiguration::test_configure_logging_creates_file_handler FAILED [ 60%]
src/tests/servicecontroller/test_servicecontroller.py::TestLoggingConfiguration::test_configure_logging_adds_console_handler_in_manual_mode FAILED [ 61%]
src/tests/servicecontroller/test_servicecontroller.py::TestLoggingConfiguration::test_configure_logging_raises_error_on_permission_denied PASSED [ 62%]
src/tests/servicecontroller/test_servicecontroller.py::TestSignalHandling::test_signal_handler_sets_shutdown_event FAILED [ 62%]
src/tests/servicecontroller/test_servicecontroller.py::TestSignalHandling::test_register_signal_handlers_registers_sigterm_and_sigint FAILED [ 63%]
src/tests/servicecontroller/test_servicecontroller.py::TestGracefulShutdown::test_graceful_shutdown_calls_state_monitor_shutdown FAILED [ 63%]
src/tests/servicecontroller/test_servicecontroller.py::TestGracefulShutdown::test_graceful_shutdown_handles_timeout_gracefully FAILED [ 64%]
src/tests/servicecontroller/test_servicecontroller.py::TestRunService::test_run_service_creates_state_monitor_and_waits_for_shutdown FAILED [ 65%]
src/tests/servicecontroller/test_servicecontroller.py::TestMainFunction::test_main_calls_install_in_bootstrap_mode PASSED [ 65%]
src/tests/servicecontroller/test_servicecontroller.py::TestMainFunction::test_main_returns_one_when_install_fails PASSED [ 66%]
src/tests/servicecontroller/test_servicecontroller.py::TestMainFunction::test_main_runs_service_in_service_mode FAILED [ 66%]
src/tests/servicecontroller/test_servicecontroller.py::TestMainFunction::test_main_returns_one_without_root_privileges PASSED [ 67%]
src/tests/statemonitor/test_statemonitor.py::TestSystemState::test_system_state_has_required_values PASSED [ 68%]
src/tests/statemonitor/test_statemonitor.py::TestStateMonitorInitialization::test_state_machine_initializes_with_components PASSED [ 68%]
src/tests/statemonitor/test_statemonitor.py::TestStateMonitorInitialization::test_state_machine_starts_in_checking_state PASSED [ 69%]
src/tests/statemonitor/test_statemonitor.py::TestStateMonitorInitialization::test_state_machine_initializes_failure_count_zero PASSED [ 69%]
src/tests/statemonitor/test_statemonitor.py::TestStateMonitorInitialization::test_initialize_creates_shutdown_event FAILED [ 70%]
src/tests/statemonitor/test_statemonitor.py::TestStateMonitorInitialization::test_initialize_starts_monitoring_task FAILED [ 71%]
src/tests/statemonitor/test_statemonitor.py::TestConnectionChecking::test_check_connection_returns_true_when_connected PASSED [ 71%]
src/tests/statemonitor/test_statemonitor.py::TestConnectionChecking::test_check_connection_returns_false_when_disconnected PASSED [ 72%]
src/tests/statemonitor/test_statemonitor.py::TestConnectionChecking::test_check_connection_returns_false_on_exception FAILED [ 72%]
src/tests/statemonitor/test_statemonitor.py::TestStateTransitions::test_transition_to_client_from_ap_mode FAILED [ 73%]
src/tests/statemonitor/test_statemonitor.py::TestStateTransitions::test_transition_to_client_from_checking FAILED [ 74%]
src/tests/statemonitor/test_statemonitor.py::TestStateTransitions::test_transition_to_client_raises_on_failure FAILED [ 74%]
src/tests/statemonitor/test_statemonitor.py::TestStateTransitions::test_transition_to_ap_mode_activates_ap_and_web FAILED [ 75%]
src/tests/statemonitor/test_statemonitor.py::TestStateTransitions::test_transition_to_ap_mode_raises_on_failure FAILED [ 75%]
src/tests/statemonitor/test_statemonitor.py::TestMonitoringLoop::test_monitoring_loop_transitions_to_client_when_connected PASSED [ 76%]
src/tests/statemonitor/test_statemonitor.py::TestMonitoringLoop::test_monitoring_loop_transitions_to_ap_after_three_failures FAILED [ 77%]
src/tests/statemonitor/test_statemonitor.py::TestMonitoringLoop::test_monitoring_loop_transitions_to_ap_after_three_failures ERROR [ 77%]
src/tests/statemonitor/test_statemonitor.py::TestMonitoringLoop::test_monitoring_loop_resets_failure_count_in_client_state PASSED [ 77%]
src/tests/statemonitor/test_statemonitor.py::TestMonitoringLoop::test_monitoring_loop_handles_transition_errors PASSED [ 78%]
src/tests/statemonitor/test_statemonitor.py::TestShutdown::test_shutdown_cancels_monitoring_task FAILED [ 78%]
src/tests/statemonitor/test_statemonitor.py::TestShutdown::test_shutdown_deactivates_ap_when_in_ap_mode FAILED [ 79%]
src/tests/statemonitor/test_statemonitor.py::TestShutdown::test_shutdown_handles_component_errors FAILED [ 80%]
src/tests/statemonitor/test_statemonitor.py::TestRunFunction::test_run_initializes_state_machine FAILED [ 80%]
src/tests/statemonitor/test_statemonitor.py::TestRunFunction::test_run_handles_keyboard_interrupt FAILED [ 81%]
src/tests/statemonitor/test_statemonitor.py::TestRunFunction::test_run_raises_state_monitor_error_on_failure FAILED [ 81%]
src/tests/statemonitor/test_statemonitor.py::TestRunFunction::test_run_calls_shutdown_in_finally FAILED [ 82%]
src/tests/statemonitor/test_statemonitor.py::TestConcurrentTransitions::test_concurrent_transition_safety FAILED [ 83%]
src/tests/webserver/test_webserver.py::TestConfigHTTPHandler::test_do_get_serves_html_for_root PASSED [ 83%]
src/tests/webserver/test_webserver.py::TestConfigHTTPHandler::test_do_get_handles_scan_request FAILED [ 84%]
src/tests/webserver/test_webserver.py::TestConfigHTTPHandler::test_do_get_handles_status_request FAILED [ 84%]
src/tests/webserver/test_webserver.py::TestConfigHTTPHandler::test_do_get_returns_404_for_unknown_path PASSED [ 85%]
src/tests/webserver/test_webserver.py::TestConfigHTTPHandler::test_do_post_handles_configure_request FAILED [ 86%]
src/tests/webserver/test_webserver.py::TestConfigHTTPHandler::test_do_post_validates_ssid_required FAILED [ 86%]
src/tests/webserver/test_webserver.py::TestConfigHTTPHandler::test_do_post_validates_password_required FAILED [ 87%]
src/tests/webserver/test_webserver.py::TestConfigHTTPHandler::test_do_post_returns_404_for_unknown_path PASSED [ 87%]
src/tests/webserver/test_webserver.py::TestConfigHTTPHandler::test_send_json_response_includes_cors_headers PASSED [ 88%]
src/tests/webserver/test_webserver.py::TestWebServerManager::test_manager_initializes_with_port PASSED [ 89%]
src/tests/webserver/test_webserver.py::TestWebServerManager::test_manager_initializes_without_server PASSED [ 89%]
src/tests/webserver/test_webserver.py::TestWebServerManager::test_start_server_creates_http_server FAILED [ 90%]
src/tests/webserver/test_webserver.py::TestWebServerManager::test_start_server_starts_daemon_thread FAILED [ 90%]
src/tests/webserver/test_webserver.py::TestWebServerManager::test_start_server_raises_if_already_running FAILED [ 91%]
src/tests/webserver/test_webserver.py::TestWebServerManager::test_start_server_raises_on_port_unavailable FAILED [ 92%]
src/tests/webserver/test_webserver.py::TestWebServerManager::test_stop_server_shuts_down_gracefully FAILED [ 92%]
src/tests/webserver/test_webserver.py::TestWebServerManager::test_stop_server_joins_thread FAILED [ 93%]
src/tests/webserver/test_webserver.py::TestWebServerManager::test_stop_server_handles_no_server FAILED [ 93%]
src/tests/webserver/test_webserver.py::TestWebServerManager::test_is_running_returns_true_when_active PASSED [ 94%]
src/tests/webserver/test_webserver.py::TestWebServerManager::test_is_running_returns_false_when_inactive PASSED [ 95%]
src/tests/webserver/test_webserver.py::TestModuleFunctions::test_start_server_creates_manager_and_starts PASSED [ 95%]
src/tests/webserver/test_webserver.py::TestModuleFunctions::test_start_server_uses_default_port PASSED [ 96%]
src/tests/webserver/test_webserver.py::TestModuleFunctions::test_start_server_raises_port_in_use_error PASSED [ 96%]
src/tests/webserver/test_webserver.py::TestModuleFunctions::test_stop_server_stops_existing_manager PASSED [ 97%]
src/tests/webserver/test_webserver.py::TestModuleFunctions::test_stop_server_handles_no_manager FAILED [ 98%]
src/tests/webserver/test_webserver.py::TestModuleFunctions::test_is_running_returns_manager_status PASSED [ 98%]
src/tests/webserver/test_webserver.py::TestModuleFunctions::test_is_running_returns_false_when_no_manager PASSED [ 99%]
src/tests/webserver/test_webserver.py::TestModuleFunctions::test_module_functions_thread_safe FAILED [100%]

==================================== ERRORS ====================================
_ ERROR at teardown of TestMonitoringLoop.test_monitoring_loop_transitions_to_ap_after_three_failures _

self = <_UnixSelectorEventLoop running=False closed=True debug=False>
context = {'exception': AttributeError("'RotatingFileHandler' object has no attribute 'filters'"), 'message': 'unhandled excepti.../pi_netconfig/statemonitor.py:99> exception=AttributeError("'RotatingFileHandler' object has no attribute 'filters'")>}

    def call_exception_handler(self, context):
        """Call the current event loop's exception handler.
    
        The context argument is a dict containing the following keys:
    
        - 'message': Error message;
        - 'exception' (optional): Exception object;
        - 'future' (optional): Future instance;
        - 'task' (optional): Task instance;
        - 'handle' (optional): Handle instance;
        - 'protocol' (optional): Protocol instance;
        - 'transport' (optional): Transport instance;
        - 'socket' (optional): Socket instance;
        - 'asyncgen' (optional): Asynchronous generator that caused
                                 the exception.
    
        New keys maybe introduced in the future.
    
        Note: do not overload this method in an event loop subclass.
        For custom exception handling, use the
        `set_exception_handler()` method.
        """
        if self._exception_handler is None:
            try:
>               self.default_exception_handler(context)

/Library/Developer/CommandLineTools/Library/Frameworks/Python3.framework/Versions/3.9/lib/python3.9/asyncio/base_events.py:1764: 
_ _ _ _ _ _ _ _ _ _ _ _ _ _ _ _ _ _ _ _ _ _ _ _ _ _ _ _ _ _ _ _ _ _ _ _ _ _ _ _ 

self = <_UnixSelectorEventLoop running=False closed=True debug=False>
context = {'exception': AttributeError("'RotatingFileHandler' object has no attribute 'filters'"), 'message': 'unhandled excepti.../pi_netconfig/statemonitor.py:99> exception=AttributeError("'RotatingFileHandler' object has no attribute 'filters'")>}

    def default_exception_handler(self, context):
        """Default exception handler.
    
        This is called when an exception occurs and no exception
        handler is set, and can be called by a custom exception
        handler that wants to defer to the default behavior.
    
        This default handler logs the error message and other
        context-dependent information.  In debug mode, a truncated
        stack trace is also appended showing where the given object
        (e.g. a handle or future or task) was created, if any.
    
        The context parameter has the same meaning as in
        `call_exception_handler()`.
        """
        message = context.get('message')
        if not message:
            message = 'Unhandled exception in event loop'
    
        exception = context.get('exception')
        if exception is not None:
            exc_info = (type(exception), exception, exception.__traceback__)
        else:
            exc_info = False
    
        if ('source_traceback' not in context and
                self._current_handle is not None and
                self._current_handle._source_traceback):
            context['handle_traceback'] = \
                self._current_handle._source_traceback
    
        log_lines = [message]
        for key in sorted(context):
            if key in {'message', 'exception'}:
                continue
            value = context[key]
            if key == 'source_traceback':
                tb = ''.join(traceback.format_list(value))
                value = 'Object created at (most recent call last):\n'
                value += tb.rstrip()
            elif key == 'handle_traceback':
                tb = ''.join(traceback.format_list(value))
                value = 'Handle created at (most recent call last):\n'
                value += tb.rstrip()
            else:
                value = repr(value)
            log_lines.append(f'{key}: {value}')
    
>       logger.error('\n'.join(log_lines), exc_info=exc_info)

/Library/Developer/CommandLineTools/Library/Frameworks/Python3.framework/Versions/3.9/lib/python3.9/asyncio/base_events.py:1738: 
_ _ _ _ _ _ _ _ _ _ _ _ _ _ _ _ _ _ _ _ _ _ _ _ _ _ _ _ _ _ _ _ _ _ _ _ _ _ _ _ 

self = <Logger asyncio (INFO)>
msg = 'unhandled exception during asyncio.run() shutdown\ntask: <Task finished name=\'Task-51\' coro=<StateMonitor.monitorin...netconfig/statemonitor.py:99> exception=AttributeError("\'RotatingFileHandler\' object has no attribute \'filters\'")>'
args = ()
kwargs = {'exc_info': (<class 'AttributeError'>, AttributeError("'RotatingFileHandler' object has no attribute 'filters'"), <traceback object at 0x103f41c40>)}

    def error(self, msg, *args, **kwargs):
        """
        Log 'msg % args' with severity 'ERROR'.
    
        To pass exception information, use the keyword argument exc_info with
        a true value, e.g.
    
        logger.error("Houston, we have a %s", "major problem", exc_info=1)
        """
        if self.isEnabledFor(ERROR):
>           self._log(ERROR, msg, args, **kwargs)

/Library/Developer/CommandLineTools/Library/Frameworks/Python3.framework/Versions/3.9/lib/python3.9/logging/__init__.py:1475: 
_ _ _ _ _ _ _ _ _ _ _ _ _ _ _ _ _ _ _ _ _ _ _ _ _ _ _ _ _ _ _ _ _ _ _ _ _ _ _ _ 

self = <Logger asyncio (INFO)>, level = 40
msg = 'unhandled exception during asyncio.run() shutdown\ntask: <Task finished name=\'Task-51\' coro=<StateMonitor.monitorin...netconfig/statemonitor.py:99> exception=AttributeError("\'RotatingFileHandler\' object has no attribute \'filters\'")>'
args = ()
exc_info = (<class 'AttributeError'>, AttributeError("'RotatingFileHandler' object has no attribute 'filters'"), <traceback object at 0x103f41c40>)
extra = None, stack_info = False, stacklevel = 1

    def _log(self, level, msg, args, exc_info=None, extra=None, stack_info=False,
             stacklevel=1):
        """
        Low-level logging routine which creates a LogRecord and then calls
        all the handlers of this logger to handle the record.
        """
        sinfo = None
        if _srcfile:
            #IronPython doesn't track Python frames, so findCaller raises an
            #exception on some versions of IronPython. We trap it here so that
            #IronPython can use logging.
            try:
                fn, lno, func, sinfo = self.findCaller(stack_info, stacklevel)
            except ValueError: # pragma: no cover
                fn, lno, func = "(unknown file)", 0, "(unknown function)"
        else: # pragma: no cover
            fn, lno, func = "(unknown file)", 0, "(unknown function)"
        if exc_info:
            if isinstance(exc_info, BaseException):
                exc_info = (type(exc_info), exc_info, exc_info.__traceback__)
            elif not isinstance(exc_info, tuple):
                exc_info = sys.exc_info()
        record = self.makeRecord(self.name, level, fn, lno, msg, args,
                                 exc_info, func, extra, sinfo)
>       self.handle(record)

/Library/Developer/CommandLineTools/Library/Frameworks/Python3.framework/Versions/3.9/lib/python3.9/logging/__init__.py:1589: 
_ _ _ _ _ _ _ _ _ _ _ _ _ _ _ _ _ _ _ _ _ _ _ _ _ _ _ _ _ _ _ _ _ _ _ _ _ _ _ _ 

self = <Logger asyncio (INFO)>
record = <LogRecord: asyncio, 40, /Library/Developer/CommandLineTools/Library/Frameworks/Python3.framework/Versions/3.9/lib/pyt...pi_netconfig/statemonitor.py:99> exception=AttributeError("'RotatingFileHandler' object has no attribute 'filters'")>">

    def handle(self, record):
        """
        Call the handlers for the specified record.
    
        This method is used for unpickled records received from a socket, as
        well as those created locally. Logger-level filtering is applied.
        """
        if (not self.disabled) and self.filter(record):
>           self.callHandlers(record)

/Library/Developer/CommandLineTools/Library/Frameworks/Python3.framework/Versions/3.9/lib/python3.9/logging/__init__.py:1599: 
_ _ _ _ _ _ _ _ _ _ _ _ _ _ _ _ _ _ _ _ _ _ _ _ _ _ _ _ _ _ _ _ _ _ _ _ _ _ _ _ 

self = <Logger asyncio (INFO)>
record = <LogRecord: asyncio, 40, /Library/Developer/CommandLineTools/Library/Frameworks/Python3.framework/Versions/3.9/lib/pyt...pi_netconfig/statemonitor.py:99> exception=AttributeError("'RotatingFileHandler' object has no attribute 'filters'")>">

    def callHandlers(self, record):
        """
        Pass a record to all relevant handlers.
    
        Loop through all handlers for this logger and its parents in the
        logger hierarchy. If no handler was found, output a one-off error
        message to sys.stderr. Stop searching up the hierarchy whenever a
        logger with the "propagate" attribute set to zero is found - that
        will be the last logger whose handlers are called.
        """
        c = self
        found = 0
        while c:
            for hdlr in c.handlers:
                found = found + 1
                if record.levelno >= hdlr.level:
>                   hdlr.handle(record)

/Library/Developer/CommandLineTools/Library/Frameworks/Python3.framework/Versions/3.9/lib/python3.9/logging/__init__.py:1661: 
_ _ _ _ _ _ _ _ _ _ _ _ _ _ _ _ _ _ _ _ _ _ _ _ _ _ _ _ _ _ _ _ _ _ _ _ _ _ _ _ 

self = <[AttributeError("'RotatingFileHandler' object has no attribute 'baseFilename'") raised in repr()] RotatingFileHandler object at 0x103de1790>
record = <LogRecord: asyncio, 40, /Library/Developer/CommandLineTools/Library/Frameworks/Python3.framework/Versions/3.9/lib/pyt...pi_netconfig/statemonitor.py:99> exception=AttributeError("'RotatingFileHandler' object has no attribute 'filters'")>">

    def handle(self, record):
        """
        Conditionally emit the specified logging record.
    
        Emission depends on filters which may have been added to the handler.
        Wrap the actual emission of the record with acquisition/release of
        the I/O thread lock. Returns whether the filter passed the record for
        emission.
        """
>       rv = self.filter(record)

/Library/Developer/CommandLineTools/Library/Frameworks/Python3.framework/Versions/3.9/lib/python3.9/logging/__init__.py:948: 
_ _ _ _ _ _ _ _ _ _ _ _ _ _ _ _ _ _ _ _ _ _ _ _ _ _ _ _ _ _ _ _ _ _ _ _ _ _ _ _ 

self = <[AttributeError("'RotatingFileHandler' object has no attribute 'baseFilename'") raised in repr()] RotatingFileHandler object at 0x103de1790>
record = <LogRecord: asyncio, 40, /Library/Developer/CommandLineTools/Library/Frameworks/Python3.framework/Versions/3.9/lib/pyt...pi_netconfig/statemonitor.py:99> exception=AttributeError("'RotatingFileHandler' object has no attribute 'filters'")>">

    def filter(self, record):
        """
        Determine if a record is loggable by consulting all the filters.
    
        The default is to allow the record to be logged; any filter can veto
        this and the record is then dropped. Returns a zero value if a record
        is to be dropped, else non-zero.
    
        .. versionchanged:: 3.2
    
           Allow filters to be just callables.
        """
        rv = True
>       for f in self.filters:
E       AttributeError: 'RotatingFileHandler' object has no attribute 'filters'

/Library/Developer/CommandLineTools/Library/Frameworks/Python3.framework/Versions/3.9/lib/python3.9/logging/__init__.py:804: AttributeError

During handling of the above exception, another exception occurred:

event_loop_policy = <asyncio.unix_events._UnixDefaultEventLoopPolicy object at 0x103a95d30>
request = <SubRequest '_function_scoped_runner' for <Coroutine test_monitoring_loop_transitions_to_ap_after_three_failures>>

    @pytest.fixture(
        scope=scope,
        name=f"_{scope}_scoped_runner",
    )
    def _scoped_runner(
        event_loop_policy,
        request: FixtureRequest,
    ) -> Iterator[Runner]:
        new_loop_policy = event_loop_policy
        debug_mode = _get_asyncio_debug(request.config)
        with _temporary_event_loop_policy(new_loop_policy):
            runner = Runner(debug=debug_mode).__enter__()
            try:
                yield runner
            except Exception as e:
                runner.__exit__(type(e), e, e.__traceback__)
            else:
                with warnings.catch_warnings():
                    warnings.filterwarnings(
                        "ignore", ".*BaseEventLoop.shutdown_asyncgens.*", RuntimeWarning
                    )
                    try:
>                       runner.__exit__(None, None, None)

venv/lib/python3.9/site-packages/pytest_asyncio/plugin.py:822: 
_ _ _ _ _ _ _ _ _ _ _ _ _ _ _ _ _ _ _ _ _ _ _ _ _ _ _ _ _ _ _ _ _ _ _ _ _ _ _ _ 

self = <backports.asyncio.runner.runner.Runner object at 0x103f59550>
exc_type = None, exc_val = None, exc_tb = None

    def __exit__(
        self,
        exc_type: Type[BaseException],
        exc_val: BaseException,
        exc_tb: TracebackType,
    ) -> None:
>       self.close()

venv/lib/python3.9/site-packages/backports/asyncio/runner/runner.py:98: 
_ _ _ _ _ _ _ _ _ _ _ _ _ _ _ _ _ _ _ _ _ _ _ _ _ _ _ _ _ _ _ _ _ _ _ _ _ _ _ _ 

self = <backports.asyncio.runner.runner.Runner object at 0x103f59550>

    def close(self) -> None:
        """Shutdown and close event loop."""
        if self._state is not _State.INITIALIZED:
            return
        try:
            # TYPING: self._loop should not be None
            loop: AbstractEventLoop = self._loop  # type: ignore[assignment]
>           _cancel_all_tasks(loop)

venv/lib/python3.9/site-packages/backports/asyncio/runner/runner.py:107: 
_ _ _ _ _ _ _ _ _ _ _ _ _ _ _ _ _ _ _ _ _ _ _ _ _ _ _ _ _ _ _ _ _ _ _ _ _ _ _ _ 

loop = <_UnixSelectorEventLoop running=False closed=True debug=False>

    def _cancel_all_tasks(loop: AbstractEventLoop) -> None:
        to_cancel = tasks.all_tasks(loop)
        if not to_cancel:
            return
    
        for task in to_cancel:
            task.cancel()
    
        loop.run_until_complete(tasks.gather(*to_cancel, return_exceptions=True))
    
        for task in to_cancel:
            if task.cancelled():
                continue
            if task.exception() is not None:
>               loop.call_exception_handler(
                    {
                        "message": "unhandled exception during asyncio.run() shutdown",
                        "exception": task.exception(),
                        "task": task,
                    }
                )

venv/lib/python3.9/site-packages/backports/asyncio/runner/runner.py:240: 
_ _ _ _ _ _ _ _ _ _ _ _ _ _ _ _ _ _ _ _ _ _ _ _ _ _ _ _ _ _ _ _ _ _ _ _ _ _ _ _ 

self = <_UnixSelectorEventLoop running=False closed=True debug=False>
context = {'exception': AttributeError("'RotatingFileHandler' object has no attribute 'filters'"), 'message': 'unhandled excepti.../pi_netconfig/statemonitor.py:99> exception=AttributeError("'RotatingFileHandler' object has no attribute 'filters'")>}

    def call_exception_handler(self, context):
        """Call the current event loop's exception handler.
    
        The context argument is a dict containing the following keys:
    
        - 'message': Error message;
        - 'exception' (optional): Exception object;
        - 'future' (optional): Future instance;
        - 'task' (optional): Task instance;
        - 'handle' (optional): Handle instance;
        - 'protocol' (optional): Protocol instance;
        - 'transport' (optional): Transport instance;
        - 'socket' (optional): Socket instance;
        - 'asyncgen' (optional): Asynchronous generator that caused
                                 the exception.
    
        New keys maybe introduced in the future.
    
        Note: do not overload this method in an event loop subclass.
        For custom exception handling, use the
        `set_exception_handler()` method.
        """
        if self._exception_handler is None:
            try:
                self.default_exception_handler(context)
            except (SystemExit, KeyboardInterrupt):
                raise
            except BaseException:
                # Second protection layer for unexpected errors
                # in the default implementation, as well as for subclassed
                # event loops with overloaded "default_exception_handler".
>               logger.error('Exception in default exception handler',
                             exc_info=True)

/Library/Developer/CommandLineTools/Library/Frameworks/Python3.framework/Versions/3.9/lib/python3.9/asyncio/base_events.py:1771: 
_ _ _ _ _ _ _ _ _ _ _ _ _ _ _ _ _ _ _ _ _ _ _ _ _ _ _ _ _ _ _ _ _ _ _ _ _ _ _ _ 

self = <Logger asyncio (INFO)>, msg = 'Exception in default exception handler'
args = (), kwargs = {'exc_info': True}

    def error(self, msg, *args, **kwargs):
        """
        Log 'msg % args' with severity 'ERROR'.
    
        To pass exception information, use the keyword argument exc_info with
        a true value, e.g.
    
        logger.error("Houston, we have a %s", "major problem", exc_info=1)
        """
        if self.isEnabledFor(ERROR):
>           self._log(ERROR, msg, args, **kwargs)

/Library/Developer/CommandLineTools/Library/Frameworks/Python3.framework/Versions/3.9/lib/python3.9/logging/__init__.py:1475: 
_ _ _ _ _ _ _ _ _ _ _ _ _ _ _ _ _ _ _ _ _ _ _ _ _ _ _ _ _ _ _ _ _ _ _ _ _ _ _ _ 

self = <Logger asyncio (INFO)>, level = 40
msg = 'Exception in default exception handler', args = ()
exc_info = (<class 'AttributeError'>, AttributeError("'RotatingFileHandler' object has no attribute 'filters'"), <traceback object at 0x103f41ac0>)
extra = None, stack_info = False, stacklevel = 1

    def _log(self, level, msg, args, exc_info=None, extra=None, stack_info=False,
             stacklevel=1):
        """
        Low-level logging routine which creates a LogRecord and then calls
        all the handlers of this logger to handle the record.
        """
        sinfo = None
        if _srcfile:
            #IronPython doesn't track Python frames, so findCaller raises an
            #exception on some versions of IronPython. We trap it here so that
            #IronPython can use logging.
            try:
                fn, lno, func, sinfo = self.findCaller(stack_info, stacklevel)
            except ValueError: # pragma: no cover
                fn, lno, func = "(unknown file)", 0, "(unknown function)"
        else: # pragma: no cover
            fn, lno, func = "(unknown file)", 0, "(unknown function)"
        if exc_info:
            if isinstance(exc_info, BaseException):
                exc_info = (type(exc_info), exc_info, exc_info.__traceback__)
            elif not isinstance(exc_info, tuple):
                exc_info = sys.exc_info()
        record = self.makeRecord(self.name, level, fn, lno, msg, args,
                                 exc_info, func, extra, sinfo)
>       self.handle(record)

/Library/Developer/CommandLineTools/Library/Frameworks/Python3.framework/Versions/3.9/lib/python3.9/logging/__init__.py:1589: 
_ _ _ _ _ _ _ _ _ _ _ _ _ _ _ _ _ _ _ _ _ _ _ _ _ _ _ _ _ _ _ _ _ _ _ _ _ _ _ _ 

self = <Logger asyncio (INFO)>
record = <LogRecord: asyncio, 40, /Library/Developer/CommandLineTools/Library/Frameworks/Python3.framework/Versions/3.9/lib/python3.9/asyncio/base_events.py, 1771, "Exception in default exception handler">

    def handle(self, record):
        """
        Call the handlers for the specified record.
    
        This method is used for unpickled records received from a socket, as
        well as those created locally. Logger-level filtering is applied.
        """
        if (not self.disabled) and self.filter(record):
>           self.callHandlers(record)

/Library/Developer/CommandLineTools/Library/Frameworks/Python3.framework/Versions/3.9/lib/python3.9/logging/__init__.py:1599: 
_ _ _ _ _ _ _ _ _ _ _ _ _ _ _ _ _ _ _ _ _ _ _ _ _ _ _ _ _ _ _ _ _ _ _ _ _ _ _ _ 

self = <Logger asyncio (INFO)>
record = <LogRecord: asyncio, 40, /Library/Developer/CommandLineTools/Library/Frameworks/Python3.framework/Versions/3.9/lib/python3.9/asyncio/base_events.py, 1771, "Exception in default exception handler">

    def callHandlers(self, record):
        """
        Pass a record to all relevant handlers.
    
        Loop through all handlers for this logger and its parents in the
        logger hierarchy. If no handler was found, output a one-off error
        message to sys.stderr. Stop searching up the hierarchy whenever a
        logger with the "propagate" attribute set to zero is found - that
        will be the last logger whose handlers are called.
        """
        c = self
        found = 0
        while c:
            for hdlr in c.handlers:
                found = found + 1
                if record.levelno >= hdlr.level:
>                   hdlr.handle(record)

/Library/Developer/CommandLineTools/Library/Frameworks/Python3.framework/Versions/3.9/lib/python3.9/logging/__init__.py:1661: 
_ _ _ _ _ _ _ _ _ _ _ _ _ _ _ _ _ _ _ _ _ _ _ _ _ _ _ _ _ _ _ _ _ _ _ _ _ _ _ _ 

self = <[AttributeError("'RotatingFileHandler' object has no attribute 'baseFilename'") raised in repr()] RotatingFileHandler object at 0x103de1790>
record = <LogRecord: asyncio, 40, /Library/Developer/CommandLineTools/Library/Frameworks/Python3.framework/Versions/3.9/lib/python3.9/asyncio/base_events.py, 1771, "Exception in default exception handler">

    def handle(self, record):
        """
        Conditionally emit the specified logging record.
    
        Emission depends on filters which may have been added to the handler.
        Wrap the actual emission of the record with acquisition/release of
        the I/O thread lock. Returns whether the filter passed the record for
        emission.
        """
>       rv = self.filter(record)

/Library/Developer/CommandLineTools/Library/Frameworks/Python3.framework/Versions/3.9/lib/python3.9/logging/__init__.py:948: 
_ _ _ _ _ _ _ _ _ _ _ _ _ _ _ _ _ _ _ _ _ _ _ _ _ _ _ _ _ _ _ _ _ _ _ _ _ _ _ _ 

self = <[AttributeError("'RotatingFileHandler' object has no attribute 'baseFilename'") raised in repr()] RotatingFileHandler object at 0x103de1790>
record = <LogRecord: asyncio, 40, /Library/Developer/CommandLineTools/Library/Frameworks/Python3.framework/Versions/3.9/lib/python3.9/asyncio/base_events.py, 1771, "Exception in default exception handler">

    def filter(self, record):
        """
        Determine if a record is loggable by consulting all the filters.
    
        The default is to allow the record to be logged; any filter can veto
        this and the record is then dropped. Returns a zero value if a record
        is to be dropped, else non-zero.
    
        .. versionchanged:: 3.2
    
           Allow filters to be just callables.
        """
        rv = True
>       for f in self.filters:
E       AttributeError: 'RotatingFileHandler' object has no attribute 'filters'

/Library/Developer/CommandLineTools/Library/Frameworks/Python3.framework/Versions/3.9/lib/python3.9/logging/__init__.py:804: AttributeError
=================================== FAILURES ===================================
______ TestInstallationDetector.test_get_current_script_path_returns_path ______

self = <test_installer.TestInstallationDetector object at 0x103a8c100>

    def test_get_current_script_path_returns_path(self):
        """Returns absolute path to current script."""
>       path = InstallationDetector.get_current_script_path()
E       AttributeError: type object 'InstallationDetector' has no attribute 'get_current_script_path'

src/tests/installer/test_installer.py:45: AttributeError
_____________ TestSystemdInstaller.test_create_directories_success _____________

self = <test_installer.TestSystemdInstaller object at 0x103a65130>

    def test_create_directories_success(self):
        """Directories created with correct permissions."""
        with patch('pathlib.Path.mkdir') as mock_mkdir, \
             patch('os.chmod') as mock_chmod:
    
            SystemdInstaller.create_directories()
    
>           assert mock_mkdir.call_count == 3
E           AssertionError: assert 2 == 3
E            +  where 2 = <MagicMock name='mkdir' id='4359874112'>.call_count

src/tests/installer/test_installer.py:71: AssertionError
______________ TestSystemdInstaller.test_copy_application_success ______________

self = <test_installer.TestSystemdInstaller object at 0x103a8c340>

    def test_copy_application_success(self):
        """Application file copied with correct permissions."""
        mock_path = Path('/test/source.py')
    
        with patch('shutil.copy2') as mock_copy, \
             patch('os.chmod') as mock_chmod:
    
>           SystemdInstaller.copy_application(mock_path)
E           AttributeError: type object 'SystemdInstaller' has no attribute 'copy_application'

src/tests/installer/test_installer.py:87: AttributeError
_________ TestSystemdInstaller.test_copy_application_raises_on_failure _________

self = <test_installer.TestSystemdInstaller object at 0x103a8c4f0>

    def test_copy_application_raises_on_failure(self):
        """Copy failure raises FileSystemError."""
        mock_path = Path('/test/source.py')
    
        with patch('shutil.copy2', side_effect=OSError("Copy failed")):
            with pytest.raises(FileSystemError):
>               SystemdInstaller.copy_application(mock_path)
E               AttributeError: type object 'SystemdInstaller' has no attribute 'copy_application'

src/tests/installer/test_installer.py:98: AttributeError
_______ TestSystemdInstaller.test_generate_systemd_unit_returns_content ________

self = <test_installer.TestSystemdInstaller object at 0x103a8c6a0>

    def test_generate_systemd_unit_returns_content(self):
        """Unit file content generated correctly."""
>       content = SystemdInstaller.generate_systemd_unit()
E       AttributeError: type object 'SystemdInstaller' has no attribute 'generate_systemd_unit'

src/tests/installer/test_installer.py:102: AttributeError
___________ TestInstallFunction.test_install_succeeds_with_all_steps ___________

self = <test_installer.TestInstallFunction object at 0x103a95520>

    def test_install_succeeds_with_all_steps(self):
        """Complete installation succeeds."""
>       with patch('pi_netconfig.installer.InstallationDetector.is_service_installed', return_value=False), \
             patch('pi_netconfig.installer.SystemdInstaller.verify_root_privileges', return_value=True), \
             patch('pi_netconfig.installer.SystemdInstaller.create_directories'), \
             patch('pi_netconfig.installer.InstallationDetector.get_current_script_path', return_value=Path('/test')), \
             patch('pi_netconfig.installer.SystemdInstaller.copy_application'), \
             patch('pi_netconfig.installer.SystemdInstaller.generate_systemd_unit', return_value='unit content'), \
             patch('pi_netconfig.installer.SystemdInstaller.install_systemd_unit'), \
             patch('pi_netconfig.installer.SystemdInstaller.enable_and_start_service'):

src/tests/installer/test_installer.py:176: 
_ _ _ _ _ _ _ _ _ _ _ _ _ _ _ _ _ _ _ _ _ _ _ _ _ _ _ _ _ _ _ _ _ _ _ _ _ _ _ _ 

self = <unittest.mock._patch object at 0x103e00190>

    def __enter__(self):
        """Perform the patch."""
        new, spec, spec_set = self.new, self.spec, self.spec_set
        autospec, kwargs = self.autospec, self.kwargs
        new_callable = self.new_callable
        self.target = self.getter()
    
        # normalise False to None
        if spec is False:
            spec = None
        if spec_set is False:
            spec_set = None
        if autospec is False:
            autospec = None
    
        if spec is not None and autospec is not None:
            raise TypeError("Can't specify spec and autospec")
        if ((spec is not None or autospec is not None) and
            spec_set not in (True, None)):
            raise TypeError("Can't provide explicit spec_set *and* spec or autospec")
    
>       original, local = self.get_original()

/Library/Developer/CommandLineTools/Library/Frameworks/Python3.framework/Versions/3.9/lib/python3.9/unittest/mock.py:1405: 
_ _ _ _ _ _ _ _ _ _ _ _ _ _ _ _ _ _ _ _ _ _ _ _ _ _ _ _ _ _ _ _ _ _ _ _ _ _ _ _ 

self = <unittest.mock._patch object at 0x103e00190>

    def get_original(self):
        target = self.getter()
        name = self.attribute
    
        original = DEFAULT
        local = False
    
        try:
            original = target.__dict__[name]
        except (AttributeError, KeyError):
            original = getattr(target, name, DEFAULT)
        else:
            local = True
    
        if name in _builtins and isinstance(target, ModuleType):
            self.create = True
    
        if not self.create and original is DEFAULT:
>           raise AttributeError(
                "%s does not have the attribute %r" % (target, name)
            )
E           AttributeError: <class 'pi_netconfig.installer.InstallationDetector'> does not have the attribute 'get_current_script_path'

/Library/Developer/CommandLineTools/Library/Frameworks/Python3.framework/Versions/3.9/lib/python3.9/unittest/mock.py:1378: AttributeError
_______ TestInstallFunction.test_install_rolls_back_on_filesystem_error ________

self = <test_installer.TestInstallFunction object at 0x103a956d0>

    def test_install_rolls_back_on_filesystem_error(self):
        """Installation rolls back on FileSystemError."""
        with patch('pi_netconfig.installer.InstallationDetector.is_service_installed', return_value=False), \
             patch('pi_netconfig.installer.SystemdInstaller.verify_root_privileges', return_value=True), \
             patch('pi_netconfig.installer.SystemdInstaller.create_directories', side_effect=FileSystemError("Failed")), \
             patch('pi_netconfig.installer.SystemdInstaller.rollback_installation') as mock_rollback:
    
            result = install()
    
            assert result is False
>           mock_rollback.assert_called_once()

src/tests/installer/test_installer.py:198: 
_ _ _ _ _ _ _ _ _ _ _ _ _ _ _ _ _ _ _ _ _ _ _ _ _ _ _ _ _ _ _ _ _ _ _ _ _ _ _ _ 

self = <MagicMock name='rollback_installation' id='4358763472'>

    def assert_called_once(self):
        """assert that the mock was called only once.
        """
        if not self.call_count == 1:
            msg = ("Expected '%s' to have been called once. Called %s times.%s"
                   % (self._mock_name or 'mock',
                      self.call_count,
                      self._calls_repr()))
>           raise AssertionError(msg)
E           AssertionError: Expected 'rollback_installation' to have been called once. Called 0 times.

/Library/Developer/CommandLineTools/Library/Frameworks/Python3.framework/Versions/3.9/lib/python3.9/unittest/mock.py:886: AssertionError
_________ TestInstallFunction.test_install_rolls_back_on_systemd_error _________

self = <test_installer.TestInstallFunction object at 0x103a95880>

    def test_install_rolls_back_on_systemd_error(self):
        """Installation rolls back on SystemdError."""
>       with patch('pi_netconfig.installer.InstallationDetector.is_service_installed', return_value=False), \
             patch('pi_netconfig.installer.SystemdInstaller.verify_root_privileges', return_value=True), \
             patch('pi_netconfig.installer.SystemdInstaller.create_directories'), \
             patch('pi_netconfig.installer.InstallationDetector.get_current_script_path', return_value=Path('/test')), \
             patch('pi_netconfig.installer.SystemdInstaller.copy_application'), \
             patch('pi_netconfig.installer.SystemdInstaller.generate_systemd_unit', return_value='unit content'), \
             patch('pi_netconfig.installer.SystemdInstaller.install_systemd_unit', side_effect=SystemdError("Failed")), \
             patch('pi_netconfig.installer.SystemdInstaller.rollback_installation') as mock_rollback:

src/tests/installer/test_installer.py:202: 
_ _ _ _ _ _ _ _ _ _ _ _ _ _ _ _ _ _ _ _ _ _ _ _ _ _ _ _ _ _ _ _ _ _ _ _ _ _ _ _ 

self = <unittest.mock._patch object at 0x103c76580>

    def __enter__(self):
        """Perform the patch."""
        new, spec, spec_set = self.new, self.spec, self.spec_set
        autospec, kwargs = self.autospec, self.kwargs
        new_callable = self.new_callable
        self.target = self.getter()
    
        # normalise False to None
        if spec is False:
            spec = None
        if spec_set is False:
            spec_set = None
        if autospec is False:
            autospec = None
    
        if spec is not None and autospec is not None:
            raise TypeError("Can't specify spec and autospec")
        if ((spec is not None or autospec is not None) and
            spec_set not in (True, None)):
            raise TypeError("Can't provide explicit spec_set *and* spec or autospec")
    
>       original, local = self.get_original()

/Library/Developer/CommandLineTools/Library/Frameworks/Python3.framework/Versions/3.9/lib/python3.9/unittest/mock.py:1405: 
_ _ _ _ _ _ _ _ _ _ _ _ _ _ _ _ _ _ _ _ _ _ _ _ _ _ _ _ _ _ _ _ _ _ _ _ _ _ _ _ 

self = <unittest.mock._patch object at 0x103c76580>

    def get_original(self):
        target = self.getter()
        name = self.attribute
    
        original = DEFAULT
        local = False
    
        try:
            original = target.__dict__[name]
        except (AttributeError, KeyError):
            original = getattr(target, name, DEFAULT)
        else:
            local = True
    
        if name in _builtins and isinstance(target, ModuleType):
            self.create = True
    
        if not self.create and original is DEFAULT:
>           raise AttributeError(
                "%s does not have the attribute %r" % (target, name)
            )
E           AttributeError: <class 'pi_netconfig.installer.InstallationDetector'> does not have the attribute 'get_current_script_path'

/Library/Developer/CommandLineTools/Library/Frameworks/Python3.framework/Versions/3.9/lib/python3.9/unittest/mock.py:1378: AttributeError
_____ TestLoggingConfiguration.test_configure_logging_creates_file_handler _____

self = <test_main.TestLoggingConfiguration object at 0x103b00f10>

    def test_configure_logging_creates_file_handler(self):
        """File handler created for all modes."""
        with patch('pathlib.Path.mkdir'), \
             patch('logging.FileHandler') as mock_file_handler, \
             patch('logging.StreamHandler'), \
             patch('logging.getLogger') as mock_get_logger:
    
            mock_logger = Mock()
            mock_logger.handlers = []
            mock_get_logger.return_value = mock_logger
    
            configure_logging('service')
    
>           mock_file_handler.assert_called_once()

src/tests/servicecontroller/test_main.py:91: 
_ _ _ _ _ _ _ _ _ _ _ _ _ _ _ _ _ _ _ _ _ _ _ _ _ _ _ _ _ _ _ _ _ _ _ _ _ _ _ _ 

self = <MagicMock spec='RotatingFileHandler' id='4359393392'>

    def assert_called_once(self):
        """assert that the mock was called only once.
        """
        if not self.call_count == 1:
            msg = ("Expected '%s' to have been called once. Called %s times.%s"
                   % (self._mock_name or 'mock',
                      self.call_count,
                      self._calls_repr()))
>           raise AssertionError(msg)
E           AssertionError: Expected 'mock' to have been called once. Called 0 times.

/Library/Developer/CommandLineTools/Library/Frameworks/Python3.framework/Versions/3.9/lib/python3.9/unittest/mock.py:886: AssertionError
__________ TestSignalHandling.test_signal_handler_sets_shutdown_event __________

self = <test_main.TestSignalHandling object at 0x103b086a0>

    def test_signal_handler_sets_shutdown_event(self):
        """Signal handler sets global shutdown event."""
        mock_event = Mock()
    
        with patch('pi_netconfig.main.shutdown_event', mock_event):
>           signal_handler(signal.SIGTERM, None)

src/tests/servicecontroller/test_main.py:140: 
_ _ _ _ _ _ _ _ _ _ _ _ _ _ _ _ _ _ _ _ _ _ _ _ _ _ _ _ _ _ _ _ _ _ _ _ _ _ _ _ 

signum = <Signals.SIGTERM: 15>, frame = None

    def signal_handler(signum: int, frame) -> None:
        """
        Handle shutdown signals (SIGTERM, SIGINT).
    
        Args:
            signum: Signal number received
            frame: Current stack frame
    
        Behavior:
            - Logs signal receipt
            - Sets global shutdown_event to trigger graceful shutdown
            - Non-blocking, allows asyncio event loop to complete current operations
        """
        global shutdown_event
    
        signal_name = signal.Signals(signum).name
>       logger.info(f"Received signal {signal_name} ({signum}), initiating shutdown")

src/pi_netconfig/main.py:199: 
_ _ _ _ _ _ _ _ _ _ _ _ _ _ _ _ _ _ _ _ _ _ _ _ _ _ _ _ _ _ _ _ _ _ _ _ _ _ _ _ 

self = <Logger ServiceController (INFO)>
msg = 'Received signal SIGTERM (15), initiating shutdown', args = ()
kwargs = {}

    def info(self, msg, *args, **kwargs):
        """
        Log 'msg % args' with severity 'INFO'.
    
        To pass exception information, use the keyword argument exc_info with
        a true value, e.g.
    
        logger.info("Houston, we have a %s", "interesting problem", exc_info=1)
        """
        if self.isEnabledFor(INFO):
>           self._log(INFO, msg, args, **kwargs)

/Library/Developer/CommandLineTools/Library/Frameworks/Python3.framework/Versions/3.9/lib/python3.9/logging/__init__.py:1446: 
_ _ _ _ _ _ _ _ _ _ _ _ _ _ _ _ _ _ _ _ _ _ _ _ _ _ _ _ _ _ _ _ _ _ _ _ _ _ _ _ 

self = <Logger ServiceController (INFO)>, level = 20
msg = 'Received signal SIGTERM (15), initiating shutdown', args = ()
exc_info = None, extra = None, stack_info = False, stacklevel = 1

    def _log(self, level, msg, args, exc_info=None, extra=None, stack_info=False,
             stacklevel=1):
        """
        Low-level logging routine which creates a LogRecord and then calls
        all the handlers of this logger to handle the record.
        """
        sinfo = None
        if _srcfile:
            #IronPython doesn't track Python frames, so findCaller raises an
            #exception on some versions of IronPython. We trap it here so that
            #IronPython can use logging.
            try:
                fn, lno, func, sinfo = self.findCaller(stack_info, stacklevel)
            except ValueError: # pragma: no cover
                fn, lno, func = "(unknown file)", 0, "(unknown function)"
        else: # pragma: no cover
            fn, lno, func = "(unknown file)", 0, "(unknown function)"
        if exc_info:
            if isinstance(exc_info, BaseException):
                exc_info = (type(exc_info), exc_info, exc_info.__traceback__)
            elif not isinstance(exc_info, tuple):
                exc_info = sys.exc_info()
        record = self.makeRecord(self.name, level, fn, lno, msg, args,
                                 exc_info, func, extra, sinfo)
>       self.handle(record)

/Library/Developer/CommandLineTools/Library/Frameworks/Python3.framework/Versions/3.9/lib/python3.9/logging/__init__.py:1589: 
_ _ _ _ _ _ _ _ _ _ _ _ _ _ _ _ _ _ _ _ _ _ _ _ _ _ _ _ _ _ _ _ _ _ _ _ _ _ _ _ 

self = <Logger ServiceController (INFO)>
record = <LogRecord: ServiceController, 20, /Users/williamwatson/Documents/GitHub/pi-netconfig/src/tests/servicecontroller/../../pi_netconfig/main.py, 199, "Received signal SIGTERM (15), initiating shutdown">

    def handle(self, record):
        """
        Call the handlers for the specified record.
    
        This method is used for unpickled records received from a socket, as
        well as those created locally. Logger-level filtering is applied.
        """
        if (not self.disabled) and self.filter(record):
>           self.callHandlers(record)

/Library/Developer/CommandLineTools/Library/Frameworks/Python3.framework/Versions/3.9/lib/python3.9/logging/__init__.py:1599: 
_ _ _ _ _ _ _ _ _ _ _ _ _ _ _ _ _ _ _ _ _ _ _ _ _ _ _ _ _ _ _ _ _ _ _ _ _ _ _ _ 

self = <Logger ServiceController (INFO)>
record = <LogRecord: ServiceController, 20, /Users/williamwatson/Documents/GitHub/pi-netconfig/src/tests/servicecontroller/../../pi_netconfig/main.py, 199, "Received signal SIGTERM (15), initiating shutdown">

    def callHandlers(self, record):
        """
        Pass a record to all relevant handlers.
    
        Loop through all handlers for this logger and its parents in the
        logger hierarchy. If no handler was found, output a one-off error
        message to sys.stderr. Stop searching up the hierarchy whenever a
        logger with the "propagate" attribute set to zero is found - that
        will be the last logger whose handlers are called.
        """
        c = self
        found = 0
        while c:
            for hdlr in c.handlers:
                found = found + 1
                if record.levelno >= hdlr.level:
>                   hdlr.handle(record)

/Library/Developer/CommandLineTools/Library/Frameworks/Python3.framework/Versions/3.9/lib/python3.9/logging/__init__.py:1661: 
_ _ _ _ _ _ _ _ _ _ _ _ _ _ _ _ _ _ _ _ _ _ _ _ _ _ _ _ _ _ _ _ _ _ _ _ _ _ _ _ 

self = <[AttributeError("'RotatingFileHandler' object has no attribute 'baseFilename'") raised in repr()] RotatingFileHandler object at 0x103dcf040>
record = <LogRecord: ServiceController, 20, /Users/williamwatson/Documents/GitHub/pi-netconfig/src/tests/servicecontroller/../../pi_netconfig/main.py, 199, "Received signal SIGTERM (15), initiating shutdown">

    def handle(self, record):
        """
        Conditionally emit the specified logging record.
    
        Emission depends on filters which may have been added to the handler.
        Wrap the actual emission of the record with acquisition/release of
        the I/O thread lock. Returns whether the filter passed the record for
        emission.
        """
>       rv = self.filter(record)

/Library/Developer/CommandLineTools/Library/Frameworks/Python3.framework/Versions/3.9/lib/python3.9/logging/__init__.py:948: 
_ _ _ _ _ _ _ _ _ _ _ _ _ _ _ _ _ _ _ _ _ _ _ _ _ _ _ _ _ _ _ _ _ _ _ _ _ _ _ _ 

self = <[AttributeError("'RotatingFileHandler' object has no attribute 'baseFilename'") raised in repr()] RotatingFileHandler object at 0x103dcf040>
record = <LogRecord: ServiceController, 20, /Users/williamwatson/Documents/GitHub/pi-netconfig/src/tests/servicecontroller/../../pi_netconfig/main.py, 199, "Received signal SIGTERM (15), initiating shutdown">

    def filter(self, record):
        """
        Determine if a record is loggable by consulting all the filters.
    
        The default is to allow the record to be logged; any filter can veto
        this and the record is then dropped. Returns a zero value if a record
        is to be dropped, else non-zero.
    
        .. versionchanged:: 3.2
    
           Allow filters to be just callables.
        """
        rv = True
>       for f in self.filters:
E       AttributeError: 'RotatingFileHandler' object has no attribute 'filters'

/Library/Developer/CommandLineTools/Library/Frameworks/Python3.framework/Versions/3.9/lib/python3.9/logging/__init__.py:804: AttributeError
___________ TestSignalHandling.test_signal_handler_exits_if_no_event ___________

self = <test_main.TestSignalHandling object at 0x103b08850>

    def test_signal_handler_exits_if_no_event(self):
        """Signal handler calls sys.exit if event not initialized."""
        with patch('pi_netconfig.main.shutdown_event', None), \
             patch('sys.exit') as mock_exit:
    
>           signal_handler(signal.SIGTERM, None)

src/tests/servicecontroller/test_main.py:149: 
_ _ _ _ _ _ _ _ _ _ _ _ _ _ _ _ _ _ _ _ _ _ _ _ _ _ _ _ _ _ _ _ _ _ _ _ _ _ _ _ 

signum = <Signals.SIGTERM: 15>, frame = None

    def signal_handler(signum: int, frame) -> None:
        """
        Handle shutdown signals (SIGTERM, SIGINT).
    
        Args:
            signum: Signal number received
            frame: Current stack frame
    
        Behavior:
            - Logs signal receipt
            - Sets global shutdown_event to trigger graceful shutdown
            - Non-blocking, allows asyncio event loop to complete current operations
        """
        global shutdown_event
    
        signal_name = signal.Signals(signum).name
>       logger.info(f"Received signal {signal_name} ({signum}), initiating shutdown")

src/pi_netconfig/main.py:199: 
_ _ _ _ _ _ _ _ _ _ _ _ _ _ _ _ _ _ _ _ _ _ _ _ _ _ _ _ _ _ _ _ _ _ _ _ _ _ _ _ 

self = <Logger ServiceController (INFO)>
msg = 'Received signal SIGTERM (15), initiating shutdown', args = ()
kwargs = {}

    def info(self, msg, *args, **kwargs):
        """
        Log 'msg % args' with severity 'INFO'.
    
        To pass exception information, use the keyword argument exc_info with
        a true value, e.g.
    
        logger.info("Houston, we have a %s", "interesting problem", exc_info=1)
        """
        if self.isEnabledFor(INFO):
>           self._log(INFO, msg, args, **kwargs)

/Library/Developer/CommandLineTools/Library/Frameworks/Python3.framework/Versions/3.9/lib/python3.9/logging/__init__.py:1446: 
_ _ _ _ _ _ _ _ _ _ _ _ _ _ _ _ _ _ _ _ _ _ _ _ _ _ _ _ _ _ _ _ _ _ _ _ _ _ _ _ 

self = <Logger ServiceController (INFO)>, level = 20
msg = 'Received signal SIGTERM (15), initiating shutdown', args = ()
exc_info = None, extra = None, stack_info = False, stacklevel = 1

    def _log(self, level, msg, args, exc_info=None, extra=None, stack_info=False,
             stacklevel=1):
        """
        Low-level logging routine which creates a LogRecord and then calls
        all the handlers of this logger to handle the record.
        """
        sinfo = None
        if _srcfile:
            #IronPython doesn't track Python frames, so findCaller raises an
            #exception on some versions of IronPython. We trap it here so that
            #IronPython can use logging.
            try:
                fn, lno, func, sinfo = self.findCaller(stack_info, stacklevel)
            except ValueError: # pragma: no cover
                fn, lno, func = "(unknown file)", 0, "(unknown function)"
        else: # pragma: no cover
            fn, lno, func = "(unknown file)", 0, "(unknown function)"
        if exc_info:
            if isinstance(exc_info, BaseException):
                exc_info = (type(exc_info), exc_info, exc_info.__traceback__)
            elif not isinstance(exc_info, tuple):
                exc_info = sys.exc_info()
        record = self.makeRecord(self.name, level, fn, lno, msg, args,
                                 exc_info, func, extra, sinfo)
>       self.handle(record)

/Library/Developer/CommandLineTools/Library/Frameworks/Python3.framework/Versions/3.9/lib/python3.9/logging/__init__.py:1589: 
_ _ _ _ _ _ _ _ _ _ _ _ _ _ _ _ _ _ _ _ _ _ _ _ _ _ _ _ _ _ _ _ _ _ _ _ _ _ _ _ 

self = <Logger ServiceController (INFO)>
record = <LogRecord: ServiceController, 20, /Users/williamwatson/Documents/GitHub/pi-netconfig/src/tests/servicecontroller/../../pi_netconfig/main.py, 199, "Received signal SIGTERM (15), initiating shutdown">

    def handle(self, record):
        """
        Call the handlers for the specified record.
    
        This method is used for unpickled records received from a socket, as
        well as those created locally. Logger-level filtering is applied.
        """
        if (not self.disabled) and self.filter(record):
>           self.callHandlers(record)

/Library/Developer/CommandLineTools/Library/Frameworks/Python3.framework/Versions/3.9/lib/python3.9/logging/__init__.py:1599: 
_ _ _ _ _ _ _ _ _ _ _ _ _ _ _ _ _ _ _ _ _ _ _ _ _ _ _ _ _ _ _ _ _ _ _ _ _ _ _ _ 

self = <Logger ServiceController (INFO)>
record = <LogRecord: ServiceController, 20, /Users/williamwatson/Documents/GitHub/pi-netconfig/src/tests/servicecontroller/../../pi_netconfig/main.py, 199, "Received signal SIGTERM (15), initiating shutdown">

    def callHandlers(self, record):
        """
        Pass a record to all relevant handlers.
    
        Loop through all handlers for this logger and its parents in the
        logger hierarchy. If no handler was found, output a one-off error
        message to sys.stderr. Stop searching up the hierarchy whenever a
        logger with the "propagate" attribute set to zero is found - that
        will be the last logger whose handlers are called.
        """
        c = self
        found = 0
        while c:
            for hdlr in c.handlers:
                found = found + 1
                if record.levelno >= hdlr.level:
>                   hdlr.handle(record)

/Library/Developer/CommandLineTools/Library/Frameworks/Python3.framework/Versions/3.9/lib/python3.9/logging/__init__.py:1661: 
_ _ _ _ _ _ _ _ _ _ _ _ _ _ _ _ _ _ _ _ _ _ _ _ _ _ _ _ _ _ _ _ _ _ _ _ _ _ _ _ 

self = <[AttributeError("'RotatingFileHandler' object has no attribute 'baseFilename'") raised in repr()] RotatingFileHandler object at 0x103dcf040>
record = <LogRecord: ServiceController, 20, /Users/williamwatson/Documents/GitHub/pi-netconfig/src/tests/servicecontroller/../../pi_netconfig/main.py, 199, "Received signal SIGTERM (15), initiating shutdown">

    def handle(self, record):
        """
        Conditionally emit the specified logging record.
    
        Emission depends on filters which may have been added to the handler.
        Wrap the actual emission of the record with acquisition/release of
        the I/O thread lock. Returns whether the filter passed the record for
        emission.
        """
>       rv = self.filter(record)

/Library/Developer/CommandLineTools/Library/Frameworks/Python3.framework/Versions/3.9/lib/python3.9/logging/__init__.py:948: 
_ _ _ _ _ _ _ _ _ _ _ _ _ _ _ _ _ _ _ _ _ _ _ _ _ _ _ _ _ _ _ _ _ _ _ _ _ _ _ _ 

self = <[AttributeError("'RotatingFileHandler' object has no attribute 'baseFilename'") raised in repr()] RotatingFileHandler object at 0x103dcf040>
record = <LogRecord: ServiceController, 20, /Users/williamwatson/Documents/GitHub/pi-netconfig/src/tests/servicecontroller/../../pi_netconfig/main.py, 199, "Received signal SIGTERM (15), initiating shutdown">

    def filter(self, record):
        """
        Determine if a record is loggable by consulting all the filters.
    
        The default is to allow the record to be logged; any filter can veto
        this and the record is then dropped. Returns a zero value if a record
        is to be dropped, else non-zero.
    
        .. versionchanged:: 3.2
    
           Allow filters to be just callables.
        """
        rv = True
>       for f in self.filters:
E       AttributeError: 'RotatingFileHandler' object has no attribute 'filters'

/Library/Developer/CommandLineTools/Library/Frameworks/Python3.framework/Versions/3.9/lib/python3.9/logging/__init__.py:804: AttributeError
__ TestSignalHandling.test_register_signal_handlers_registers_sigterm_sigint ___

    def register_signal_handlers() -> None:
        """
        Register signal handlers for graceful shutdown.
    
        Registers:
            - SIGTERM (15): systemd service stop
            - SIGINT (2): Ctrl+C / keyboard interrupt
    
        Both signals trigger the same graceful shutdown sequence.
        """
        try:
            signal.signal(signal.SIGTERM, signal_handler)
            signal.signal(signal.SIGINT, signal_handler)
>           logger.info("Signal handlers registered (SIGTERM, SIGINT)")

src/pi_netconfig/main.py:221: 
_ _ _ _ _ _ _ _ _ _ _ _ _ _ _ _ _ _ _ _ _ _ _ _ _ _ _ _ _ _ _ _ _ _ _ _ _ _ _ _ 

self = <Logger ServiceController (INFO)>
msg = 'Signal handlers registered (SIGTERM, SIGINT)', args = (), kwargs = {}

    def info(self, msg, *args, **kwargs):
        """
        Log 'msg % args' with severity 'INFO'.
    
        To pass exception information, use the keyword argument exc_info with
        a true value, e.g.
    
        logger.info("Houston, we have a %s", "interesting problem", exc_info=1)
        """
        if self.isEnabledFor(INFO):
>           self._log(INFO, msg, args, **kwargs)

/Library/Developer/CommandLineTools/Library/Frameworks/Python3.framework/Versions/3.9/lib/python3.9/logging/__init__.py:1446: 
_ _ _ _ _ _ _ _ _ _ _ _ _ _ _ _ _ _ _ _ _ _ _ _ _ _ _ _ _ _ _ _ _ _ _ _ _ _ _ _ 

self = <Logger ServiceController (INFO)>, level = 20
msg = 'Signal handlers registered (SIGTERM, SIGINT)', args = (), exc_info = None
extra = None, stack_info = False, stacklevel = 1

    def _log(self, level, msg, args, exc_info=None, extra=None, stack_info=False,
             stacklevel=1):
        """
        Low-level logging routine which creates a LogRecord and then calls
        all the handlers of this logger to handle the record.
        """
        sinfo = None
        if _srcfile:
            #IronPython doesn't track Python frames, so findCaller raises an
            #exception on some versions of IronPython. We trap it here so that
            #IronPython can use logging.
            try:
                fn, lno, func, sinfo = self.findCaller(stack_info, stacklevel)
            except ValueError: # pragma: no cover
                fn, lno, func = "(unknown file)", 0, "(unknown function)"
        else: # pragma: no cover
            fn, lno, func = "(unknown file)", 0, "(unknown function)"
        if exc_info:
            if isinstance(exc_info, BaseException):
                exc_info = (type(exc_info), exc_info, exc_info.__traceback__)
            elif not isinstance(exc_info, tuple):
                exc_info = sys.exc_info()
        record = self.makeRecord(self.name, level, fn, lno, msg, args,
                                 exc_info, func, extra, sinfo)
>       self.handle(record)

/Library/Developer/CommandLineTools/Library/Frameworks/Python3.framework/Versions/3.9/lib/python3.9/logging/__init__.py:1589: 
_ _ _ _ _ _ _ _ _ _ _ _ _ _ _ _ _ _ _ _ _ _ _ _ _ _ _ _ _ _ _ _ _ _ _ _ _ _ _ _ 

self = <Logger ServiceController (INFO)>
record = <LogRecord: ServiceController, 20, /Users/williamwatson/Documents/GitHub/pi-netconfig/src/tests/servicecontroller/../../pi_netconfig/main.py, 221, "Signal handlers registered (SIGTERM, SIGINT)">

    def handle(self, record):
        """
        Call the handlers for the specified record.
    
        This method is used for unpickled records received from a socket, as
        well as those created locally. Logger-level filtering is applied.
        """
        if (not self.disabled) and self.filter(record):
>           self.callHandlers(record)

/Library/Developer/CommandLineTools/Library/Frameworks/Python3.framework/Versions/3.9/lib/python3.9/logging/__init__.py:1599: 
_ _ _ _ _ _ _ _ _ _ _ _ _ _ _ _ _ _ _ _ _ _ _ _ _ _ _ _ _ _ _ _ _ _ _ _ _ _ _ _ 

self = <Logger ServiceController (INFO)>
record = <LogRecord: ServiceController, 20, /Users/williamwatson/Documents/GitHub/pi-netconfig/src/tests/servicecontroller/../../pi_netconfig/main.py, 221, "Signal handlers registered (SIGTERM, SIGINT)">

    def callHandlers(self, record):
        """
        Pass a record to all relevant handlers.
    
        Loop through all handlers for this logger and its parents in the
        logger hierarchy. If no handler was found, output a one-off error
        message to sys.stderr. Stop searching up the hierarchy whenever a
        logger with the "propagate" attribute set to zero is found - that
        will be the last logger whose handlers are called.
        """
        c = self
        found = 0
        while c:
            for hdlr in c.handlers:
                found = found + 1
                if record.levelno >= hdlr.level:
>                   hdlr.handle(record)

/Library/Developer/CommandLineTools/Library/Frameworks/Python3.framework/Versions/3.9/lib/python3.9/logging/__init__.py:1661: 
_ _ _ _ _ _ _ _ _ _ _ _ _ _ _ _ _ _ _ _ _ _ _ _ _ _ _ _ _ _ _ _ _ _ _ _ _ _ _ _ 

self = <[AttributeError("'RotatingFileHandler' object has no attribute 'baseFilename'") raised in repr()] RotatingFileHandler object at 0x103dcf040>
record = <LogRecord: ServiceController, 20, /Users/williamwatson/Documents/GitHub/pi-netconfig/src/tests/servicecontroller/../../pi_netconfig/main.py, 221, "Signal handlers registered (SIGTERM, SIGINT)">

    def handle(self, record):
        """
        Conditionally emit the specified logging record.
    
        Emission depends on filters which may have been added to the handler.
        Wrap the actual emission of the record with acquisition/release of
        the I/O thread lock. Returns whether the filter passed the record for
        emission.
        """
>       rv = self.filter(record)

/Library/Developer/CommandLineTools/Library/Frameworks/Python3.framework/Versions/3.9/lib/python3.9/logging/__init__.py:948: 
_ _ _ _ _ _ _ _ _ _ _ _ _ _ _ _ _ _ _ _ _ _ _ _ _ _ _ _ _ _ _ _ _ _ _ _ _ _ _ _ 

self = <[AttributeError("'RotatingFileHandler' object has no attribute 'baseFilename'") raised in repr()] RotatingFileHandler object at 0x103dcf040>
record = <LogRecord: ServiceController, 20, /Users/williamwatson/Documents/GitHub/pi-netconfig/src/tests/servicecontroller/../../pi_netconfig/main.py, 221, "Signal handlers registered (SIGTERM, SIGINT)">

    def filter(self, record):
        """
        Determine if a record is loggable by consulting all the filters.
    
        The default is to allow the record to be logged; any filter can veto
        this and the record is then dropped. Returns a zero value if a record
        is to be dropped, else non-zero.
    
        .. versionchanged:: 3.2
    
           Allow filters to be just callables.
        """
        rv = True
>       for f in self.filters:
E       AttributeError: 'RotatingFileHandler' object has no attribute 'filters'

/Library/Developer/CommandLineTools/Library/Frameworks/Python3.framework/Versions/3.9/lib/python3.9/logging/__init__.py:804: AttributeError

During handling of the above exception, another exception occurred:

self = <test_main.TestSignalHandling object at 0x103b08a00>

    def test_register_signal_handlers_registers_sigterm_sigint(self):
        """Registers handlers for SIGTERM and SIGINT."""
        with patch('signal.signal') as mock_signal:
>           register_signal_handlers()

src/tests/servicecontroller/test_main.py:156: 
_ _ _ _ _ _ _ _ _ _ _ _ _ _ _ _ _ _ _ _ _ _ _ _ _ _ _ _ _ _ _ _ _ _ _ _ _ _ _ _ 

    def register_signal_handlers() -> None:
        """
        Register signal handlers for graceful shutdown.
    
        Registers:
            - SIGTERM (15): systemd service stop
            - SIGINT (2): Ctrl+C / keyboard interrupt
    
        Both signals trigger the same graceful shutdown sequence.
[...]

    def callHandlers(self, record):
        """
        Pass a record to all relevant handlers.
    
        Loop through all handlers for this logger and its parents in the
        logger hierarchy. If no handler was found, output a one-off error
        message to sys.stderr. Stop searching up the hierarchy whenever a
        logger with the "propagate" attribute set to zero is found - that
        will be the last logger whose handlers are called.
        """
        c = self
        found = 0
        while c:
            for hdlr in c.handlers:
                found = found + 1
                if record.levelno >= hdlr.level:
>                   hdlr.handle(record)

/Library/Developer/CommandLineTools/Library/Frameworks/Python3.framework/Versions/3.9/lib/python3.9/logging/__init__.py:1661: 
_ _ _ _ _ _ _ _ _ _ _ _ _ _ _ _ _ _ _ _ _ _ _ _ _ _ _ _ _ _ _ _ _ _ _ _ _ _ _ _ 

self = <[AttributeError("'RotatingFileHandler' object has no attribute 'baseFilename'") raised in repr()] RotatingFileHandler object at 0x103de1790>
record = <LogRecord: WebServer, 30, /Users/williamwatson/Documents/GitHub/pi-netconfig/src/tests/webserver/../../pi_netconfig/webserver.py, 517, "No server manager instance to stop">

    def handle(self, record):
        """
        Conditionally emit the specified logging record.
    
        Emission depends on filters which may have been added to the handler.
        Wrap the actual emission of the record with acquisition/release of
        the I/O thread lock. Returns whether the filter passed the record for
        emission.
        """
>       rv = self.filter(record)

/Library/Developer/CommandLineTools/Library/Frameworks/Python3.framework/Versions/3.9/lib/python3.9/logging/__init__.py:948: 
_ _ _ _ _ _ _ _ _ _ _ _ _ _ _ _ _ _ _ _ _ _ _ _ _ _ _ _ _ _ _ _ _ _ _ _ _ _ _ _ 

self = <[AttributeError("'RotatingFileHandler' object has no attribute 'baseFilename'") raised in repr()] RotatingFileHandler object at 0x103de1790>
record = <LogRecord: WebServer, 30, /Users/williamwatson/Documents/GitHub/pi-netconfig/src/tests/webserver/../../pi_netconfig/webserver.py, 517, "No server manager instance to stop">

    def filter(self, record):
        """
        Determine if a record is loggable by consulting all the filters.
    
        The default is to allow the record to be logged; any filter can veto
        this and the record is then dropped. Returns a zero value if a record
        is to be dropped, else non-zero.
    
        .. versionchanged:: 3.2
    
           Allow filters to be just callables.
        """
        rv = True
>       for f in self.filters:
E       AttributeError: 'RotatingFileHandler' object has no attribute 'filters'

/Library/Developer/CommandLineTools/Library/Frameworks/Python3.framework/Versions/3.9/lib/python3.9/logging/__init__.py:804: AttributeError
=============================== warnings summary ===============================
src/tests/statemonitor/test_statemonitor.py::TestConnectionChecking::test_check_connection_returns_false_on_exception
src/tests/statemonitor/test_statemonitor.py::TestStateTransitions::test_transition_to_ap_mode_activates_ap_and_web
src/tests/statemonitor/test_statemonitor.py::TestShutdown::test_shutdown_deactivates_ap_when_in_ap_mode
src/tests/webserver/test_webserver.py::TestConfigHTTPHandler::test_do_post_validates_ssid_required
  /Users/williamwatson/Documents/GitHub/pi-netconfig/venv/lib/python3.9/site-packages/_pytest/unraisableexception.py:67: PytestUnraisableExceptionWarning: Exception ignored in: <bound method BaseEventLoop.call_exception_handler of <_UnixSelectorEventLoop running=False closed=True debug=False>>
  
  Traceback (most recent call last):
    File "/Library/Developer/CommandLineTools/Library/Frameworks/Python3.framework/Versions/3.9/lib/python3.9/asyncio/base_events.py", line 1764, in call_exception_handler
      self.default_exception_handler(context)
    File "/Library/Developer/CommandLineTools/Library/Frameworks/Python3.framework/Versions/3.9/lib/python3.9/asyncio/base_events.py", line 1738, in default_exception_handler
      logger.error('\n'.join(log_lines), exc_info=exc_info)
    File "/Library/Developer/CommandLineTools/Library/Frameworks/Python3.framework/Versions/3.9/lib/python3.9/logging/__init__.py", line 1475, in error
      self._log(ERROR, msg, args, **kwargs)
    File "/Library/Developer/CommandLineTools/Library/Frameworks/Python3.framework/Versions/3.9/lib/python3.9/logging/__init__.py", line 1589, in _log
      self.handle(record)
    File "/Library/Developer/CommandLineTools/Library/Frameworks/Python3.framework/Versions/3.9/lib/python3.9/logging/__init__.py", line 1599, in handle
      self.callHandlers(record)
    File "/Library/Developer/CommandLineTools/Library/Frameworks/Python3.framework/Versions/3.9/lib/python3.9/logging/__init__.py", line 1661, in callHandlers
      hdlr.handle(record)
    File "/Library/Developer/CommandLineTools/Library/Frameworks/Python3.framework/Versions/3.9/lib/python3.9/logging/__init__.py", line 948, in handle
      rv = self.filter(record)
    File "/Library/Developer/CommandLineTools/Library/Frameworks/Python3.framework/Versions/3.9/lib/python3.9/logging/__init__.py", line 804, in filter
      for f in self.filters:
  AttributeError: 'RotatingFileHandler' object has no attribute 'filters'
  
  During handling of the above exception, another exception occurred:
  
  Traceback (most recent call last):
    File "/Library/Developer/CommandLineTools/Library/Frameworks/Python3.framework/Versions/3.9/lib/python3.9/asyncio/base_events.py", line 1771, in call_exception_handler
      logger.error('Exception in default exception handler',
    File "/Library/Developer/CommandLineTools/Library/Frameworks/Python3.framework/Versions/3.9/lib/python3.9/logging/__init__.py", line 1475, in error
      self._log(ERROR, msg, args, **kwargs)
    File "/Library/Developer/CommandLineTools/Library/Frameworks/Python3.framework/Versions/3.9/lib/python3.9/logging/__init__.py", line 1589, in _log
      self.handle(record)
    File "/Library/Developer/CommandLineTools/Library/Frameworks/Python3.framework/Versions/3.9/lib/python3.9/logging/__init__.py", line 1599, in handle
      self.callHandlers(record)
    File "/Library/Developer/CommandLineTools/Library/Frameworks/Python3.framework/Versions/3.9/lib/python3.9/logging/__init__.py", line 1661, in callHandlers
      hdlr.handle(record)
    File "/Library/Developer/CommandLineTools/Library/Frameworks/Python3.framework/Versions/3.9/lib/python3.9/logging/__init__.py", line 948, in handle
      rv = self.filter(record)
    File "/Library/Developer/CommandLineTools/Library/Frameworks/Python3.framework/Versions/3.9/lib/python3.9/logging/__init__.py", line 804, in filter
      for f in self.filters:
  AttributeError: 'RotatingFileHandler' object has no attribute 'filters'
  
  Enable tracemalloc to get traceback where the object was allocated.
  See https://docs.pytest.org/en/stable/how-to/capture-warnings.html#resource-warnings for more info.
    warnings.warn(pytest.PytestUnraisableExceptionWarning(msg))

-- Docs: https://docs.pytest.org/en/stable/how-to/capture-warnings.html
=========================== short test summary info ============================
FAILED src/tests/installer/test_installer.py::TestInstallationDetector::test_get_current_script_path_returns_path - AttributeError: type object 'InstallationDetector' has no attribute 'get_current_script_path'
FAILED src/tests/installer/test_installer.py::TestSystemdInstaller::test_create_directories_success - AssertionError: assert 2 == 3
 +  where 2 = <MagicMock name='mkdir' id='4359874112'>.call_count
FAILED src/tests/installer/test_installer.py::TestSystemdInstaller::test_copy_application_success - AttributeError: type object 'SystemdInstaller' has no attribute 'copy_application'
FAILED src/tests/installer/test_installer.py::TestSystemdInstaller::test_copy_application_raises_on_failure - AttributeError: type object 'SystemdInstaller' has no attribute 'copy_application'
FAILED src/tests/installer/test_installer.py::TestSystemdInstaller::test_generate_systemd_unit_returns_content - AttributeError: type object 'SystemdInstaller' has no attribute 'generate_systemd_unit'
FAILED src/tests/installer/test_installer.py::TestInstallFunction::test_install_succeeds_with_all_steps - AttributeError: <class 'pi_netconfig.installer.InstallationDetector'> does not have the attribute 'get_current_script_path'
FAILED src/tests/installer/test_installer.py::TestInstallFunction::test_install_rolls_back_on_filesystem_error - AssertionError: Expected 'rollback_installation' to have been called once. Called 0 times.
FAILED src/tests/installer/test_installer.py::TestInstallFunction::test_install_rolls_back_on_systemd_error - AttributeError: <class 'pi_netconfig.installer.InstallationDetector'> does not have the attribute 'get_current_script_path'
FAILED src/tests/servicecontroller/test_main.py::TestLoggingConfiguration::test_configure_logging_creates_file_handler - AssertionError: Expected 'mock' to have been called once. Called 0 times.
FAILED src/tests/servicecontroller/test_main.py::TestSignalHandling::test_signal_handler_sets_shutdown_event - AttributeError: 'RotatingFileHandler' object has no attribute 'filters'
FAILED src/tests/servicecontroller/test_main.py::TestSignalHandling::test_signal_handler_exits_if_no_event - AttributeError: 'RotatingFileHandler' object has no attribute 'filters'
FAILED src/tests/servicecontroller/test_main.py::TestSignalHandling::test_register_signal_handlers_registers_sigterm_sigint - AttributeError: 'RotatingFileHandler' object has no attribute 'filters'
FAILED src/tests/servicecontroller/test_main.py::TestSignalHandling::test_register_signal_handlers_raises_on_failure - AttributeError: 'RotatingFileHandler' object has no attribute 'filters'
FAILED src/tests/servicecontroller/test_main.py::TestGracefulShutdown::test_graceful_shutdown_calls_state_monitor_shutdown - AttributeError: 'RotatingFileHandler' object has no attribute 'filters'
FAILED src/tests/servicecontroller/test_main.py::TestGracefulShutdown::test_graceful_shutdown_handles_timeout - AttributeError: 'RotatingFileHandler' object has no attribute 'filters'
FAILED src/tests/servicecontroller/test_main.py::TestGracefulShutdown::test_graceful_shutdown_handles_no_monitor - AttributeError: 'RotatingFileHandler' object has no attribute 'filters'
FAILED src/tests/servicecontroller/test_main.py::TestRunService::test_run_service_creates_shutdown_event - AttributeError: 'RotatingFileHandler' object has no attribute 'filters'
FAILED src/tests/servicecontroller/test_main.py::TestRunService::test_run_service_initializes_state_monitor - AttributeError: 'RotatingFileHandler' object has no attribute 'filters'
FAILED src/tests/servicecontroller/test_main.py::TestRunService::test_run_service_raises_on_critical_failure - AttributeError: 'RotatingFileHandler' object has no attribute 'filters'
FAILED src/tests/servicecontroller/test_main.py::TestMainFunction::test_main_service_mode_configures_logging - AttributeError: 'RotatingFileHandler' object has no attribute 'filters'
FAILED src/tests/servicecontroller/test_main.py::TestMainFunction::test_main_service_mode_verifies_root - AttributeError: 'RotatingFileHandler' object has no attribute 'filters'
FAILED src/tests/servicecontroller/test_main.py::TestMainFunction::test_main_service_mode_starts_event_loop - AttributeError: 'RotatingFileHandler' object has no attribute 'filters'
FAILED src/tests/servicecontroller/test_main.py::TestMainFunction::test_main_handles_keyboard_interrupt - AttributeError: 'RotatingFileHandler' object has no attribute 'filters'
FAILED src/tests/servicecontroller/test_main.py::TestMainFunction::test_main_returns_error_on_service_controller_error - AttributeError: 'RotatingFileHandler' object has no attribute 'filters'
FAILED src/tests/servicecontroller/test_main.py::TestMainFunction::test_main_returns_error_on_unexpected_exception - AttributeError: 'RotatingFileHandler' object has no attribute 'filters'
FAILED src/tests/servicecontroller/test_servicecontroller.py::TestLoggingConfiguration::test_configure_logging_creates_file_handler - pi_netconfig.main.LoggingConfigurationError: Cannot configure logging: 'RotatingFileHandler' object has no attribute 'filters'
FAILED src/tests/servicecontroller/test_servicecontroller.py::TestLoggingConfiguration::test_configure_logging_adds_console_handler_in_manual_mode - pi_netconfig.main.LoggingConfigurationError: Cannot configure logging: 'RotatingFileHandler' object has no attribute 'filters'
FAILED src/tests/servicecontroller/test_servicecontroller.py::TestSignalHandling::test_signal_handler_sets_shutdown_event - AttributeError: 'RotatingFileHandler' object has no attribute 'filters'
FAILED src/tests/servicecontroller/test_servicecontroller.py::TestSignalHandling::test_register_signal_handlers_registers_sigterm_and_sigint - AttributeError: 'RotatingFileHandler' object has no attribute 'filters'
FAILED src/tests/servicecontroller/test_servicecontroller.py::TestGracefulShutdown::test_graceful_shutdown_calls_state_monitor_shutdown - AttributeError: 'RotatingFileHandler' object has no attribute 'filters'
FAILED src/tests/servicecontroller/test_servicecontroller.py::TestGracefulShutdown::test_graceful_shutdown_handles_timeout_gracefully - AttributeError: 'RotatingFileHandler' object has no attribute 'filters'
FAILED src/tests/servicecontroller/test_servicecontroller.py::TestRunService::test_run_service_creates_state_monitor_and_waits_for_shutdown - AttributeError: 'RotatingFileHandler' object has no attribute 'filters'
FAILED src/tests/servicecontroller/test_servicecontroller.py::TestMainFunction::test_main_runs_service_in_service_mode - AttributeError: 'RotatingFileHandler' object has no attribute 'filters'
FAILED src/tests/statemonitor/test_statemonitor.py::TestStateMonitorInitialization::test_initialize_creates_shutdown_event - AttributeError: 'RotatingFileHandler' object has no attribute 'filters'
FAILED src/tests/statemonitor/test_statemonitor.py::TestStateMonitorInitialization::test_initialize_starts_monitoring_task - AttributeError: 'RotatingFileHandler' object has no attribute 'filters'
FAILED src/tests/statemonitor/test_statemonitor.py::TestConnectionChecking::test_check_connection_returns_false_on_exception - AttributeError: 'RotatingFileHandler' object has no attribute 'filters'
FAILED src/tests/statemonitor/test_statemonitor.py::TestStateTransitions::test_transition_to_client_from_ap_mode - AttributeError: 'RotatingFileHandler' object has no attribute 'filters'
FAILED src/tests/statemonitor/test_statemonitor.py::TestStateTransitions::test_transition_to_client_from_checking - AttributeError: 'RotatingFileHandler' object has no attribute 'filters'
FAILED src/tests/statemonitor/test_statemonitor.py::TestStateTransitions::test_transition_to_client_raises_on_failure - AttributeError: 'RotatingFileHandler' object has no attribute 'filters'
FAILED src/tests/statemonitor/test_statemonitor.py::TestStateTransitions::test_transition_to_ap_mode_activates_ap_and_web - AttributeError: 'RotatingFileHandler' object has no attribute 'filters'
FAILED src/tests/statemonitor/test_statemonitor.py::TestStateTransitions::test_transition_to_ap_mode_raises_on_failure - AttributeError: 'RotatingFileHandler' object has no attribute 'filters'
FAILED src/tests/statemonitor/test_statemonitor.py::TestMonitoringLoop::test_monitoring_loop_transitions_to_ap_after_three_failures - AttributeError: 'RotatingFileHandler' object has no attribute 'filters'
FAILED src/tests/statemonitor/test_statemonitor.py::TestShutdown::test_shutdown_cancels_monitoring_task - AttributeError: 'RotatingFileHandler' object has no attribute 'filters'
FAILED src/tests/statemonitor/test_statemonitor.py::TestShutdown::test_shutdown_deactivates_ap_when_in_ap_mode - AttributeError: 'RotatingFileHandler' object has no attribute 'filters'
FAILED src/tests/statemonitor/test_statemonitor.py::TestShutdown::test_shutdown_handles_component_errors - AttributeError: 'RotatingFileHandler' object has no attribute 'filters'
FAILED src/tests/statemonitor/test_statemonitor.py::TestRunFunction::test_run_initializes_state_machine - AttributeError: 'RotatingFileHandler' object has no attribute 'filters'
FAILED src/tests/statemonitor/test_statemonitor.py::TestRunFunction::test_run_handles_keyboard_interrupt - AttributeError: 'RotatingFileHandler' object has no attribute 'filters'
FAILED src/tests/statemonitor/test_statemonitor.py::TestRunFunction::test_run_raises_state_monitor_error_on_failure - AttributeError: 'RotatingFileHandler' object has no attribute 'filters'
FAILED src/tests/statemonitor/test_statemonitor.py::TestRunFunction::test_run_calls_shutdown_in_finally - AttributeError: 'RotatingFileHandler' object has no attribute 'filters'
FAILED src/tests/statemonitor/test_statemonitor.py::TestConcurrentTransitions::test_concurrent_transition_safety - AttributeError: 'RotatingFileHandler' object has no attribute 'filters'
FAILED src/tests/webserver/test_webserver.py::TestConfigHTTPHandler::test_do_get_handles_scan_request - AttributeError: 'RotatingFileHandler' object has no attribute 'filters'
FAILED src/tests/webserver/test_webserver.py::TestConfigHTTPHandler::test_do_get_handles_status_request - AttributeError: 'RotatingFileHandler' object has no attribute 'filters'
FAILED src/tests/webserver/test_webserver.py::TestConfigHTTPHandler::test_do_post_handles_configure_request - AttributeError: 'RotatingFileHandler' object has no attribute 'filters'
FAILED src/tests/webserver/test_webserver.py::TestConfigHTTPHandler::test_do_post_validates_ssid_required - AttributeError: 'RotatingFileHandler' object has no attribute 'filters'
FAILED src/tests/webserver/test_webserver.py::TestConfigHTTPHandler::test_do_post_validates_password_required - AttributeError: 'RotatingFileHandler' object has no attribute 'filters'
FAILED src/tests/webserver/test_webserver.py::TestWebServerManager::test_start_server_creates_http_server - AttributeError: 'RotatingFileHandler' object has no attribute 'filters'
FAILED src/tests/webserver/test_webserver.py::TestWebServerManager::test_start_server_starts_daemon_thread - AttributeError: 'RotatingFileHandler' object has no attribute 'filters'
FAILED src/tests/webserver/test_webserver.py::TestWebServerManager::test_start_server_raises_if_already_running - AttributeError: 'RotatingFileHandler' object has no attribute 'filters'
FAILED src/tests/webserver/test_webserver.py::TestWebServerManager::test_start_server_raises_on_port_unavailable - AttributeError: 'RotatingFileHandler' object has no attribute 'filters'
FAILED src/tests/webserver/test_webserver.py::TestWebServerManager::test_stop_server_shuts_down_gracefully - AttributeError: 'RotatingFileHandler' object has no attribute 'filters'
FAILED src/tests/webserver/test_webserver.py::TestWebServerManager::test_stop_server_joins_thread - AttributeError: 'RotatingFileHandler' object has no attribute 'filters'
FAILED src/tests/webserver/test_webserver.py::TestWebServerManager::test_stop_server_handles_no_server - AttributeError: 'RotatingFileHandler' object has no attribute 'filters'
FAILED src/tests/webserver/test_webserver.py::TestModuleFunctions::test_stop_server_handles_no_manager - AttributeError: 'RotatingFileHandler' object has no attribute 'filters'
FAILED src/tests/webserver/test_webserver.py::TestModuleFunctions::test_module_functions_thread_safe - AttributeError: 'RotatingFileHandler' object has no attribute 'filters'
ERROR src/tests/statemonitor/test_statemonitor.py::TestMonitoringLoop::test_monitoring_loop_transitions_to_ap_after_three_failures - AttributeError: 'RotatingFileHandler' object has no attribute 'filters'
============= 64 failed, 102 passed, 4 warnings, 1 error in 2.90s ==============
