============================= test session starts ==============================
platform darwin -- Python 3.9.6, pytest-8.4.2, pluggy-1.6.0 -- /Users/williamwatson/Documents/GitHub/pi-netconfig/venv/bin/python3
cachedir: .pytest_cache
rootdir: /Users/williamwatson/Documents/GitHub/pi-netconfig
configfile: pyproject.toml
testpaths: src/tests
plugins: asyncio-1.2.0, cov-7.0.0
asyncio: mode=auto, debug=False, asyncio_default_fixture_loop_scope=function, asyncio_default_test_loop_scope=function
collecting ... collected 120 items / 2 errors

==================================== ERRORS ====================================
__________ ERROR collecting src/tests/servicecontroller/test_main.py ___________
ImportError while importing test module '/Users/williamwatson/Documents/GitHub/pi-netconfig/src/tests/servicecontroller/test_main.py'.
Hint: make sure your test modules/packages have valid Python names.
Traceback:
venv/lib/python3.9/site-packages/_pytest/python.py:498: in importtestmodule
    mod = import_path(
venv/lib/python3.9/site-packages/_pytest/pathlib.py:587: in import_path
    importlib.import_module(module_name)
/Library/Developer/CommandLineTools/Library/Frameworks/Python3.framework/Versions/3.9/lib/python3.9/importlib/__init__.py:127: in import_module
    return _bootstrap._gcd_import(name[level:], package, level)
<frozen importlib._bootstrap>:1030: in _gcd_import
    ???
<frozen importlib._bootstrap>:1007: in _find_and_load
    ???
<frozen importlib._bootstrap>:986: in _find_and_load_unlocked
    ???
<frozen importlib._bootstrap>:680: in _load_unlocked
    ???
venv/lib/python3.9/site-packages/_pytest/assertion/rewrite.py:186: in exec_module
    exec(co, module.__dict__)
src/tests/servicecontroller/test_main.py:15: in <module>
    from pi_netconfig.main import (
src/pi_netconfig/main.py:26: in <module>
    from installer import install, InstallationDetector
E   ModuleNotFoundError: No module named 'installer'
____ ERROR collecting src/tests/servicecontroller/test_servicecontroller.py ____
ImportError while importing test module '/Users/williamwatson/Documents/GitHub/pi-netconfig/src/tests/servicecontroller/test_servicecontroller.py'.
Hint: make sure your test modules/packages have valid Python names.
Traceback:
venv/lib/python3.9/site-packages/_pytest/python.py:498: in importtestmodule
    mod = import_path(
venv/lib/python3.9/site-packages/_pytest/pathlib.py:587: in import_path
    importlib.import_module(module_name)
/Library/Developer/CommandLineTools/Library/Frameworks/Python3.framework/Versions/3.9/lib/python3.9/importlib/__init__.py:127: in import_module
    return _bootstrap._gcd_import(name[level:], package, level)
<frozen importlib._bootstrap>:1030: in _gcd_import
    ???
<frozen importlib._bootstrap>:1007: in _find_and_load
    ???
<frozen importlib._bootstrap>:986: in _find_and_load_unlocked
    ???
<frozen importlib._bootstrap>:680: in _load_unlocked
    ???
venv/lib/python3.9/site-packages/_pytest/assertion/rewrite.py:186: in exec_module
    exec(co, module.__dict__)
src/tests/servicecontroller/test_servicecontroller.py:21: in <module>
    from pi_netconfig.main import (
src/pi_netconfig/main.py:26: in <module>
    from installer import install, InstallationDetector
E   ModuleNotFoundError: No module named 'installer'
=========================== short test summary info ============================
ERROR src/tests/servicecontroller/test_main.py
ERROR src/tests/servicecontroller/test_servicecontroller.py
!!!!!!!!!!!!!!!!!!! Interrupted: 2 errors during collection !!!!!!!!!!!!!!!!!!!!
============================== 2 errors in 0.15s ===============================
