============================= test session starts ==============================
platform darwin -- Python 3.9.6, pytest-8.4.1, pluggy-1.6.0 -- /Library/Developer/CommandLineTools/usr/bin/python3
cachedir: .pytest_cache
rootdir: /Users/williamwatson/Documents/GitHub/pi-netconfig
configfile: pyproject.toml
plugins: anyio-4.9.0, cov-6.2.1, mock-3.14.1
collecting ... collected 119 items / 2 errors

==================================== ERRORS ====================================
__________ ERROR collecting src/tests/servicecontroller/test_main.py ___________
ImportError while importing test module '/Users/williamwatson/Documents/GitHub/pi-netconfig/src/tests/servicecontroller/test_main.py'.
Hint: make sure your test modules/packages have valid Python names.
Traceback:
/Library/Developer/CommandLineTools/Library/Frameworks/Python3.framework/Versions/3.9/lib/python3.9/importlib/__init__.py:127: in import_module
    return _bootstrap._gcd_import(name[level:], package, level)
tests/servicecontroller/test_main.py:15: in <module>
    from main import (
main.py:26: in <module>
    from statemonitor import StateMonitor
E   ImportError: cannot import name 'StateMonitor' from 'statemonitor' (/Users/williamwatson/Documents/GitHub/pi-netconfig/src/tests/servicecontroller/../../statemonitor.py)
____ ERROR collecting src/tests/servicecontroller/test_servicecontroller.py ____
ImportError while importing test module '/Users/williamwatson/Documents/GitHub/pi-netconfig/src/tests/servicecontroller/test_servicecontroller.py'.
Hint: make sure your test modules/packages have valid Python names.
Traceback:
/Library/Developer/CommandLineTools/Library/Frameworks/Python3.framework/Versions/3.9/lib/python3.9/importlib/__init__.py:127: in import_module
    return _bootstrap._gcd_import(name[level:], package, level)
tests/servicecontroller/test_servicecontroller.py:21: in <module>
    from main import (
main.py:26: in <module>
    from statemonitor import StateMonitor
E   ImportError: cannot import name 'StateMonitor' from 'statemonitor' (/Users/williamwatson/Documents/GitHub/pi-netconfig/src/tests/servicecontroller/../../statemonitor.py)
=============================== warnings summary ===============================
../../../../Library/Python/3.9/lib/python/site-packages/_pytest/config/__init__.py:1474
  /Users/williamwatson/Library/Python/3.9/lib/python/site-packages/_pytest/config/__init__.py:1474: PytestConfigWarning: Unknown config option: asyncio_mode
  
    self._warn_or_fail_if_strict(f"Unknown config option: {key}\n")

tests/statemonitor/test_statemonitor.py:63
  /Users/williamwatson/Documents/GitHub/pi-netconfig/src/tests/statemonitor/test_statemonitor.py:63: PytestUnknownMarkWarning: Unknown pytest.mark.asyncio - is this a typo?  You can register custom marks to avoid this warning - for details, see https://docs.pytest.org/en/stable/how-to/mark.html
    @pytest.mark.asyncio

tests/statemonitor/test_statemonitor.py:72
  /Users/williamwatson/Documents/GitHub/pi-netconfig/src/tests/statemonitor/test_statemonitor.py:72: PytestUnknownMarkWarning: Unknown pytest.mark.asyncio - is this a typo?  You can register custom marks to avoid this warning - for details, see https://docs.pytest.org/en/stable/how-to/mark.html
    @pytest.mark.asyncio

tests/statemonitor/test_statemonitor.py:86
  /Users/williamwatson/Documents/GitHub/pi-netconfig/src/tests/statemonitor/test_statemonitor.py:86: PytestUnknownMarkWarning: Unknown pytest.mark.asyncio - is this a typo?  You can register custom marks to avoid this warning - for details, see https://docs.pytest.org/en/stable/how-to/mark.html
    @pytest.mark.asyncio

tests/statemonitor/test_statemonitor.py:97
  /Users/williamwatson/Documents/GitHub/pi-netconfig/src/tests/statemonitor/test_statemonitor.py:97: PytestUnknownMarkWarning: Unknown pytest.mark.asyncio - is this a typo?  You can register custom marks to avoid this warning - for details, see https://docs.pytest.org/en/stable/how-to/mark.html
    @pytest.mark.asyncio

tests/statemonitor/test_statemonitor.py:108
  /Users/williamwatson/Documents/GitHub/pi-netconfig/src/tests/statemonitor/test_statemonitor.py:108: PytestUnknownMarkWarning: Unknown pytest.mark.asyncio - is this a typo?  You can register custom marks to avoid this warning - for details, see https://docs.pytest.org/en/stable/how-to/mark.html
    @pytest.mark.asyncio

tests/statemonitor/test_statemonitor.py:123
  /Users/williamwatson/Documents/GitHub/pi-netconfig/src/tests/statemonitor/test_statemonitor.py:123: PytestUnknownMarkWarning: Unknown pytest.mark.asyncio - is this a typo?  You can register custom marks to avoid this warning - for details, see https://docs.pytest.org/en/stable/how-to/mark.html
    @pytest.mark.asyncio

tests/statemonitor/test_statemonitor.py:142
  /Users/williamwatson/Documents/GitHub/pi-netconfig/src/tests/statemonitor/test_statemonitor.py:142: PytestUnknownMarkWarning: Unknown pytest.mark.asyncio - is this a typo?  You can register custom marks to avoid this warning - for details, see https://docs.pytest.org/en/stable/how-to/mark.html
    @pytest.mark.asyncio

tests/statemonitor/test_statemonitor.py:156
  /Users/williamwatson/Documents/GitHub/pi-netconfig/src/tests/statemonitor/test_statemonitor.py:156: PytestUnknownMarkWarning: Unknown pytest.mark.asyncio - is this a typo?  You can register custom marks to avoid this warning - for details, see https://docs.pytest.org/en/stable/how-to/mark.html
    @pytest.mark.asyncio

tests/statemonitor/test_statemonitor.py:168
  /Users/williamwatson/Documents/GitHub/pi-netconfig/src/tests/statemonitor/test_statemonitor.py:168: PytestUnknownMarkWarning: Unknown pytest.mark.asyncio - is this a typo?  You can register custom marks to avoid this warning - for details, see https://docs.pytest.org/en/stable/how-to/mark.html
    @pytest.mark.asyncio

tests/statemonitor/test_statemonitor.py:185
  /Users/williamwatson/Documents/GitHub/pi-netconfig/src/tests/statemonitor/test_statemonitor.py:185: PytestUnknownMarkWarning: Unknown pytest.mark.asyncio - is this a typo?  You can register custom marks to avoid this warning - for details, see https://docs.pytest.org/en/stable/how-to/mark.html
    @pytest.mark.asyncio

tests/statemonitor/test_statemonitor.py:200
  /Users/williamwatson/Documents/GitHub/pi-netconfig/src/tests/statemonitor/test_statemonitor.py:200: PytestUnknownMarkWarning: Unknown pytest.mark.asyncio - is this a typo?  You can register custom marks to avoid this warning - for details, see https://docs.pytest.org/en/stable/how-to/mark.html
    @pytest.mark.asyncio

tests/statemonitor/test_statemonitor.py:223
  /Users/williamwatson/Documents/GitHub/pi-netconfig/src/tests/statemonitor/test_statemonitor.py:223: PytestUnknownMarkWarning: Unknown pytest.mark.asyncio - is this a typo?  You can register custom marks to avoid this warning - for details, see https://docs.pytest.org/en/stable/how-to/mark.html
    @pytest.mark.asyncio

tests/statemonitor/test_statemonitor.py:250
  /Users/williamwatson/Documents/GitHub/pi-netconfig/src/tests/statemonitor/test_statemonitor.py:250: PytestUnknownMarkWarning: Unknown pytest.mark.asyncio - is this a typo?  You can register custom marks to avoid this warning - for details, see https://docs.pytest.org/en/stable/how-to/mark.html
    @pytest.mark.asyncio

tests/statemonitor/test_statemonitor.py:272
  /Users/williamwatson/Documents/GitHub/pi-netconfig/src/tests/statemonitor/test_statemonitor.py:272: PytestUnknownMarkWarning: Unknown pytest.mark.asyncio - is this a typo?  You can register custom marks to avoid this warning - for details, see https://docs.pytest.org/en/stable/how-to/mark.html
    @pytest.mark.asyncio

tests/statemonitor/test_statemonitor.py:299
  /Users/williamwatson/Documents/GitHub/pi-netconfig/src/tests/statemonitor/test_statemonitor.py:299: PytestUnknownMarkWarning: Unknown pytest.mark.asyncio - is this a typo?  You can register custom marks to avoid this warning - for details, see https://docs.pytest.org/en/stable/how-to/mark.html
    @pytest.mark.asyncio

tests/statemonitor/test_statemonitor.py:310
  /Users/williamwatson/Documents/GitHub/pi-netconfig/src/tests/statemonitor/test_statemonitor.py:310: PytestUnknownMarkWarning: Unknown pytest.mark.asyncio - is this a typo?  You can register custom marks to avoid this warning - for details, see https://docs.pytest.org/en/stable/how-to/mark.html
    @pytest.mark.asyncio

tests/statemonitor/test_statemonitor.py:328
  /Users/williamwatson/Documents/GitHub/pi-netconfig/src/tests/statemonitor/test_statemonitor.py:328: PytestUnknownMarkWarning: Unknown pytest.mark.asyncio - is this a typo?  You can register custom marks to avoid this warning - for details, see https://docs.pytest.org/en/stable/how-to/mark.html
    @pytest.mark.asyncio

tests/statemonitor/test_statemonitor.py:346
  /Users/williamwatson/Documents/GitHub/pi-netconfig/src/tests/statemonitor/test_statemonitor.py:346: PytestUnknownMarkWarning: Unknown pytest.mark.asyncio - is this a typo?  You can register custom marks to avoid this warning - for details, see https://docs.pytest.org/en/stable/how-to/mark.html
    @pytest.mark.asyncio

tests/statemonitor/test_statemonitor.py:366
  /Users/williamwatson/Documents/GitHub/pi-netconfig/src/tests/statemonitor/test_statemonitor.py:366: PytestUnknownMarkWarning: Unknown pytest.mark.asyncio - is this a typo?  You can register custom marks to avoid this warning - for details, see https://docs.pytest.org/en/stable/how-to/mark.html
    @pytest.mark.asyncio

tests/statemonitor/test_statemonitor.py:378
  /Users/williamwatson/Documents/GitHub/pi-netconfig/src/tests/statemonitor/test_statemonitor.py:378: PytestUnknownMarkWarning: Unknown pytest.mark.asyncio - is this a typo?  You can register custom marks to avoid this warning - for details, see https://docs.pytest.org/en/stable/how-to/mark.html
    @pytest.mark.asyncio

tests/statemonitor/test_statemonitor.py:390
  /Users/williamwatson/Documents/GitHub/pi-netconfig/src/tests/statemonitor/test_statemonitor.py:390: PytestUnknownMarkWarning: Unknown pytest.mark.asyncio - is this a typo?  You can register custom marks to avoid this warning - for details, see https://docs.pytest.org/en/stable/how-to/mark.html
    @pytest.mark.asyncio

-- Docs: https://docs.pytest.org/en/stable/how-to/capture-warnings.html
=========================== short test summary info ============================
ERROR tests/servicecontroller/test_main.py
ERROR tests/servicecontroller/test_servicecontroller.py
!!!!!!!!!!!!!!!!!!! Interrupted: 2 errors during collection !!!!!!!!!!!!!!!!!!!!
======================== 22 warnings, 2 errors in 0.08s ========================
